#
# There is insufficient memory for the Java Runtime Environment to continue.
# Native memory allocation (mmap) failed to map 532676608 bytes. Error detail: G1 virtual space
# Possible reasons:
#   The system is out of physical RAM or swap space
#   This process is running with CompressedOops enabled, and the Java Heap may be blocking the growth of the native heap
# Possible solutions:
#   Reduce memory load on the system
#   Increase physical memory or swap space
#   Check if swap backing store is full
#   Decrease Java heap size (-Xmx/-Xms)
#   Decrease number of Java threads
#   Decrease Java thread stack sizes (-Xss)
#   Set larger code cache with -XX:ReservedCodeCacheSize=
#   JVM is running with Zero Based Compressed Oops mode in which the Java heap is
#     placed in the first 32GB address space. The Java Heap base address is the
#     maximum limit for the native heap growth. Please use -XX:HeapBaseMinAddress
#     to set the Java Heap base and to place the Java Heap above 32GB virtual address.
# This output file may be truncated or incomplete.
#
#  Out of Memory Error (os_windows.cpp:3603), pid=29012, tid=35196
#
# JRE version:  (21.0.3+9) (build )
# Java VM: OpenJDK 64-Bit Server VM (21.0.3+9-LTS, mixed mode, sharing, tiered, compressed oops, compressed class ptrs, g1 gc, windows-amd64)
# No core dump will be written. Minidumps are not enabled by default on client versions of Windows
#

---------------  S U M M A R Y ------------

Command Line: -Dfile.encoding=UTF-8 -Djavax.net.ssl.trustStoreType=WINDOWS-ROOT -Dsun.java2d.d3d=false com.st.microxplorer.maingui.STM32CubeMX D:\stmproject\dragonproject\work\F407VGT6\origin\origin.ioc

Host: 13th Gen Intel(R) Core(TM) i9-13900H, 20 cores, 31G,  Windows 11 , 64 bit Build 22621 (10.0.22621.4974)
Time: Thu Apr 24 21:24:54 2025  Windows 11 , 64 bit Build 22621 (10.0.22621.4974) elapsed time: 0.011610 seconds (0d 0h 0m 0s)

---------------  T H R E A D  ---------------

Current thread (0x000001271085d5d0):  JavaThread "Unknown thread" [_thread_in_vm, id=35196, stack(0x0000000402900000,0x0000000402a00000) (1024K)]

Stack: [0x0000000402900000,0x0000000402a00000]
Native frames: (J=compiled Java code, j=interpreted, Vv=VM code, C=native code)
V  [jvm.dll+0x6c8699]
V  [jvm.dll+0x8a2061]
V  [jvm.dll+0x8a458e]
V  [jvm.dll+0x8a4c63]
V  [jvm.dll+0x27e476]
V  [jvm.dll+0x6c4e15]
V  [jvm.dll+0x6b9b0a]
V  [jvm.dll+0x3523ba]
V  [jvm.dll+0x359f66]
V  [jvm.dll+0x3ab1be]
V  [jvm.dll+0x3ab468]
V  [jvm.dll+0x3265fc]
V  [jvm.dll+0x32715b]
V  [jvm.dll+0x86b0b9]
V  [jvm.dll+0x3b81c1]
V  [jvm.dll+0x854318]
V  [jvm.dll+0x44c55e]
V  [jvm.dll+0x44e081]
C  [jli.dll+0x5278]
C  [ucrtbase.dll+0x29333]
C  [KERNEL32.DLL+0x1259d]
C  [ntdll.dll+0x5af38]


---------------  P R O C E S S  ---------------

Threads class SMR info:
_java_thread_list=0x00007ffb09bee048, length=0, elements={
}

Java Threads: ( => current thread )
Total: 0

Other Threads:
  0x0000012712c20c60 WorkerThread "GC Thread#0"                     [id=35724, stack(0x0000000402a00000,0x0000000402b00000) (1024K)]
  0x0000012712c33370 ConcurrentGCThread "G1 Main Marker"            [id=4772, stack(0x0000000402b00000,0x0000000402c00000) (1024K)]
  0x0000012712c33e70 WorkerThread "G1 Conc#0"                       [id=4512, stack(0x0000000402c00000,0x0000000402d00000) (1024K)]

[error occurred during error reporting (printing all threads), id 0xc0000005, EXCEPTION_ACCESS_VIOLATION (0xc0000005) at pc=0x00007ffb092f8f27]
VM state: not at safepoint (not fully initialized)

VM Mutex/Monitor currently owned by a thread:  ([mutex/lock_event])
[0x00007ffb09c62228] Heap_lock - owner thread: 0x000001271085d5d0

Heap address: 0x0000000604400000, size: 8124 MB, Compressed Oops mode: Zero based, Oop shift amount: 3

CDS archive(s) mapped at: [0x0000000000000000-0x0000000000000000-0x0000000000000000), size 0, SharedBaseAddress: 0x0000000800000000, ArchiveRelocationMode: 1.
Narrow klass base: 0x0000000000000000, Narrow klass shift: 0, Narrow klass range: 0x0

GC Precious Log:
 CardTable entry size: 512
 Card Set container configuration: InlinePtr #cards 4 size 8 Array Of Cards #cards 32 size 80 Howl #buckets 8 coarsen threshold 7372 Howl Bitmap #cards 1024 size 144 coarsen threshold 921 Card regions per heap region 1 cards per card region 8192

Heap:
 garbage-first heap   total 0K, used 0K [0x0000000604400000, 0x0000000800000000)
  region size 4096K, 0 young (0K), 0 survivors (0K)

[error occurred during error reporting (printing heap information), id 0xc0000005, EXCEPTION_ACCESS_VIOLATION (0xc0000005) at pc=0x00007ffb096e2069]
GC Heap History (0 events):
No events

Dll operation events (1 events):
Event: 0.008 Loaded shared library D:\techapps\Cubemx\jre\bin\java.dll

Deoptimization events (0 events):
No events

Classes loaded (0 events):
No events

Classes unloaded (0 events):
No events

Classes redefined (0 events):
No events

Internal exceptions (0 events):
No events

ZGC Phase Switch (0 events):
No events

VM Operations (0 events):
No events

Events (0 events):
No events


Dynamic libraries:
0x00007ff703400000 - 0x00007ff70340e000 	D:\techapps\Cubemx\jre\bin\javaw.exe
0x00007ffbdaeb0000 - 0x00007ffbdb0c7000 	C:\Windows\SYSTEM32\ntdll.dll
0x00007ffbd9c80000 - 0x00007ffbd9d44000 	C:\Windows\System32\KERNEL32.DLL
0x00007ffbd8090000 - 0x00007ffbd8461000 	C:\Windows\System32\KERNELBASE.dll
0x00007ffbd8a60000 - 0x00007ffbd8b71000 	C:\Windows\System32\ucrtbase.dll
0x00007ffbbb860000 - 0x00007ffbbb878000 	D:\techapps\Cubemx\jre\bin\jli.dll
0x00007ffbbb840000 - 0x00007ffbbb85b000 	D:\techapps\Cubemx\jre\bin\VCRUNTIME140.dll
0x00007ffbd90d0000 - 0x00007ffbd9281000 	C:\Windows\System32\USER32.dll
0x00007ffbd85e0000 - 0x00007ffbd8606000 	C:\Windows\System32\win32u.dll
0x00007ffbdad70000 - 0x00007ffbdad99000 	C:\Windows\System32\GDI32.dll
0x00007ffbd8840000 - 0x00007ffbd895b000 	C:\Windows\System32\gdi32full.dll
0x00007ffbd7ff0000 - 0x00007ffbd808a000 	C:\Windows\System32\msvcp_win.dll
0x00007ffbb4cf0000 - 0x00007ffbb4f82000 	C:\Windows\WinSxS\amd64_microsoft.windows.common-controls_6595b64144ccf1df_6.0.22621.4830_none_270fe7d773858e80\COMCTL32.dll
0x00007ffbdab30000 - 0x00007ffbdabd7000 	C:\Windows\System32\msvcrt.dll
0x00007ffbd9f70000 - 0x00007ffbd9fa1000 	C:\Windows\System32\IMM32.DLL
0x00007ffbc97e0000 - 0x00007ffbc97ec000 	D:\techapps\Cubemx\jre\bin\vcruntime140_1.dll
0x00007ffb70770000 - 0x00007ffb707fe000 	D:\techapps\Cubemx\jre\bin\msvcp140.dll
0x00007ffb08fc0000 - 0x00007ffb09d42000 	D:\techapps\Cubemx\jre\bin\server\jvm.dll
0x00007ffbd9000000 - 0x00007ffbd90b1000 	C:\Windows\System32\ADVAPI32.dll
0x00007ffbdabe0000 - 0x00007ffbdac87000 	C:\Windows\System32\sechost.dll
0x00007ffbd8470000 - 0x00007ffbd8498000 	C:\Windows\System32\bcrypt.dll
0x00007ffbda270000 - 0x00007ffbda384000 	C:\Windows\System32\RPCRT4.dll
0x00007ffbda040000 - 0x00007ffbda0b1000 	C:\Windows\System32\WS2_32.dll
0x00007ffbd6e60000 - 0x00007ffbd6ead000 	C:\Windows\SYSTEM32\POWRPROF.dll
0x00007ffbcce80000 - 0x00007ffbcceb4000 	C:\Windows\SYSTEM32\WINMM.dll
0x00007ffbccdd0000 - 0x00007ffbccdda000 	C:\Windows\SYSTEM32\VERSION.dll
0x00007ffbd6e40000 - 0x00007ffbd6e53000 	C:\Windows\SYSTEM32\UMPDC.dll
0x00007ffbd70f0000 - 0x00007ffbd7108000 	C:\Windows\SYSTEM32\kernel.appcore.dll
0x00007ffbc82d0000 - 0x00007ffbc82da000 	D:\techapps\Cubemx\jre\bin\jimage.dll
0x00007ffbd59d0000 - 0x00007ffbd5c02000 	C:\Windows\SYSTEM32\DBGHELP.DLL
0x00007ffbda720000 - 0x00007ffbdaab0000 	C:\Windows\System32\combase.dll
0x00007ffbdac90000 - 0x00007ffbdad67000 	C:\Windows\System32\OLEAUT32.dll
0x00007ffbca690000 - 0x00007ffbca6c2000 	C:\Windows\SYSTEM32\dbgcore.DLL
0x00007ffbd8960000 - 0x00007ffbd89db000 	C:\Windows\System32\bcryptPrimitives.dll
0x00007ffb99ee0000 - 0x00007ffb99eff000 	D:\techapps\Cubemx\jre\bin\java.dll

dbghelp: loaded successfully - version: 4.0.5 - missing functions: none
symbol engine: initialized successfully - sym options: 0x614 - pdb path: .;D:\techapps\Cubemx\jre\bin;C:\Windows\SYSTEM32;C:\Windows\WinSxS\amd64_microsoft.windows.common-controls_6595b64144ccf1df_6.0.22621.4830_none_270fe7d773858e80;D:\techapps\Cubemx\jre\bin\server

VM Arguments:
jvm_args: -Dfile.encoding=UTF-8 -Djavax.net.ssl.trustStoreType=WINDOWS-ROOT -Dsun.java2d.d3d=false 
java_command: com.st.microxplorer.maingui.STM32CubeMX D:\stmproject\dragonproject\work\F407VGT6\origin\origin.ioc
java_class_path (initial): D:\techapps\Cubemx\STM32CubeMX.exe;anything
Launcher Type: SUN_STANDARD

[Global flags]
     intx CICompilerCount                          = 12                                        {product} {ergonomic}
     uint ConcGCThreads                            = 4                                         {product} {ergonomic}
     uint G1ConcRefinementThreads                  = 15                                        {product} {ergonomic}
   size_t G1HeapRegionSize                         = 4194304                                   {product} {ergonomic}
    uintx GCDrainStackTargetSize                   = 64                                        {product} {ergonomic}
   size_t InitialHeapSize                          = 532676608                                 {product} {ergonomic}
   size_t MarkStackSize                            = 4194304                                   {product} {ergonomic}
   size_t MaxHeapSize                              = 8518631424                                {product} {ergonomic}
   size_t MinHeapDeltaBytes                        = 4194304                                   {product} {ergonomic}
   size_t MinHeapSize                              = 8388608                                   {product} {ergonomic}
    uintx NonNMethodCodeHeapSize                   = 7602480                                {pd product} {ergonomic}
    uintx NonProfiledCodeHeapSize                  = 122027880                              {pd product} {ergonomic}
    uintx ProfiledCodeHeapSize                     = 122027880                              {pd product} {ergonomic}
    uintx ReservedCodeCacheSize                    = 251658240                              {pd product} {ergonomic}
     bool SegmentedCodeCache                       = true                                      {product} {ergonomic}
   size_t SoftMaxHeapSize                          = 8518631424                             {manageable} {ergonomic}
     bool UseCompressedOops                        = true                           {product lp64_product} {ergonomic}
     bool UseG1GC                                  = true                                      {product} {ergonomic}
     bool UseLargePagesIndividualAllocation        = false                                  {pd product} {ergonomic}

Logging:
Log output configuration:
 #0: stdout all=warning uptime,level,tags foldmultilines=false
 #1: stderr all=off uptime,level,tags foldmultilines=false

Environment Variables:
JAVA_TOOL_OPTIONS=-Dfile.encoding=UTF-8
PATH=D:\techapps\Cubemx\;C:\Program Files\Common Files\Oracle\Java\javapath;D:\configuration\python312\Scripts\;D:\configuration\python312\;D:\programmming\linunxapps\bin\;C:\Windows\system32;C:\Windows;C:\Windows\System32\Wbem;C:\Windows\System32\WindowsPowerShell\v1.0\;C:\Windows\System32\OpenSSH\;C:\Program Files (x86)\NVIDIA Corporation\PhysX\Common;C:\Program Files (x86)\pcsuite\;D:\sundries\matlabtrue\runtime\win64;D:\sundries\matlabtrue\bin;D:\programmming\xshell\;D:\programmming\xftpaxshell\xftp\;C:\Program Files\Microsoft SQL Server\150\Tools\Binn\;C:\Program Files\Microsoft SQL Server\Client SDK\ODBC\170\Tools\Binn\;C:\Program Files (x86)\Windows Kits\10\Windows Performance Toolkit\;C:\Program Files\dotnet\;C:\Program Files\NVIDIA Corporation\NVIDIA NvDLISR;C:\Users\35161\.conda\envs\dopencv\Scripts;D:\Anaconda;D:\Anaconda\Scripts;D:\Anaconda\Library\bin;D:\condaenv\dopencv\Scripts;C:\Program Files (x86)\STMicroelectronics\STM32 ST-LINK Utility\ST-LINK Utility;C:\Program Files (x86)\Microsoft SQL Server\150\Tools\Binn\;C:\Program Files\Microsoft SQL Server\150\DTS\Binn\;C:\Program Files (x86)\Windows Kits\8.1\Windows Performance Toolkit\;C:\MinGW\bin;D:\configuration\maven\apache-maven-3.9.9\bin;C:\Program Files\Git\cmd;D:\VISION\raspberry\ËùÐèÈí¼þ\putty\;D:\programmming\NodeJS\;D:\Anaconda3\Anaconda;D:\Anaconda3\Anaconda\Library\mingw-w64\bin;D:\Anaconda3\Anaconda\Library\usr\bin;D:\Anaconda3\Anaconda\Library\bin;D:\Anaconda3\Anaconda\Scripts;C:\Users\35161\AppData\Local\Microsoft\WindowsApps;C:\Users\35161\.dotnet\tools;D:\techapps\Pycharm\pycharm\PyCharm Community Edition 2024.2\bin;D:\vscode\Microsoft VS Code\bin;D:\programmming\WebStorm\WebStorm 2024.3\bin;C:\MinGW\bin;D:\programmming\WebStorm\plugins\node.js;C:\Users\35161\AppData\Local\gitkraken\bin;D:\techapps\Quartus\licence\questa_fse\win64;C:\Users\35161\AppData\Roaming\npm;D:\techapps\Cubemx\.\jre\\bin
USERNAME=35161
OS=Windows_NT
PROCESSOR_IDENTIFIER=Intel64 Family 6 Model 186 Stepping 2, GenuineIntel
TMP=C:\Users\35161\AppData\Local\Temp
TEMP=C:\Users\35161\AppData\Local\Temp




Periodic native trim disabled

---------------  S Y S T E M  ---------------

OS:
 Windows 11 , 64 bit Build 22621 (10.0.22621.4974)
OS uptime: 0 days 9:46 hours
Hyper-V role detected

CPU: total 20 (initial active 20) (10 cores per cpu, 2 threads per core) family 6 model 186 stepping 2 microcode 0x410e, cx8, cmov, fxsr, ht, mmx, 3dnowpref, sse, sse2, sse3, ssse3, sse4.1, sse4.2, popcnt, lzcnt, tsc, tscinvbit, avx, avx2, aes, erms, clmul, bmi1, bmi2, adx, sha, fma, vzeroupper, clflush, clflushopt, clwb, hv, serialize, rdtscp, rdpid, fsrm, f16c, cet_ibt, cet_ss
Processor Information for processor 0
  Max Mhz: 2600, Current Mhz: 2600, Mhz Limit: 2600
Processor Information for processor 1
  Max Mhz: 2600, Current Mhz: 2600, Mhz Limit: 2600
Processor Information for processor 2
  Max Mhz: 2600, Current Mhz: 2600, Mhz Limit: 2600
Processor Information for processor 3
  Max Mhz: 2600, Current Mhz: 2600, Mhz Limit: 2600
Processor Information for processor 4
  Max Mhz: 2600, Current Mhz: 2600, Mhz Limit: 2600
Processor Information for processor 5
  Max Mhz: 2600, Current Mhz: 2600, Mhz Limit: 2600
Processor Information for processor 6
  Max Mhz: 2600, Current Mhz: 2600, Mhz Limit: 2600
Processor Information for processor 7
  Max Mhz: 2600, Current Mhz: 2600, Mhz Limit: 2600
Processor Information for processor 8
  Max Mhz: 2600, Current Mhz: 2600, Mhz Limit: 2600
Processor Information for processor 9
  Max Mhz: 2600, Current Mhz: 2600, Mhz Limit: 2600
Processor Information for processor 10
  Max Mhz: 2600, Current Mhz: 2600, Mhz Limit: 2600
Processor Information for processor 11
  Max Mhz: 2600, Current Mhz: 2600, Mhz Limit: 2600
Processor Information for processor 12
  Max Mhz: 2600, Current Mhz: 1900, Mhz Limit: 1898
Processor Information for processor 13
  Max Mhz: 2600, Current Mhz: 1900, Mhz Limit: 1898
Processor Information for processor 14
  Max Mhz: 2600, Current Mhz: 1900, Mhz Limit: 1898
Processor Information for processor 15
  Max Mhz: 2600, Current Mhz: 1900, Mhz Limit: 1898
Processor Information for processor 16
  Max Mhz: 2600, Current Mhz: 1900, Mhz Limit: 1898
Processor Information for processor 17
  Max Mhz: 2600, Current Mhz: 1900, Mhz Limit: 1898
Processor Information for processor 18
  Max Mhz: 2600, Current Mhz: 1900, Mhz Limit: 1898
Processor Information for processor 19
  Max Mhz: 2600, Current Mhz: 1900, Mhz Limit: 1898

Memory: 4k page, system-wide physical 32491M (12589M free)
TotalPageFile size 32491M (AvailPageFile size 512M)
current process WorkingSet (physical memory assigned to process): 12M, peak: 12M
current process commit charge ("private bytes"): 75M, peak: 583M

vm_info: OpenJDK 64-Bit Server VM (21.0.3+9-LTS) for windows-amd64 JRE (21.0.3+9-LTS), built on 2024-04-16T00:00:00Z by "admin" with MS VC++ 17.7 (VS2022)

END.
