#
# There is insufficient memory for the Java Runtime Environment to continue.
# Native memory allocation (malloc) failed to allocate 64328 bytes. Error detail: Chunk::new
# Possible reasons:
#   The system is out of physical RAM or swap space
#   This process is running with CompressedOops enabled, and the Java Heap may be blocking the growth of the native heap
# Possible solutions:
#   Reduce memory load on the system
#   Increase physical memory or swap space
#   Check if swap backing store is full
#   Decrease Java heap size (-Xmx/-Xms)
#   Decrease number of Java threads
#   Decrease Java thread stack sizes (-Xss)
#   Set larger code cache with -XX:ReservedCodeCacheSize=
#   JVM is running with Zero Based Compressed Oops mode in which the Java heap is
#     placed in the first 32GB address space. The Java Heap base address is the
#     maximum limit for the native heap growth. Please use -XX:HeapBaseMinAddress
#     to set the Java Heap base and to place the Java Heap above 32GB virtual address.
# This output file may be truncated or incomplete.
#
#  Out of Memory Error (arena.cpp:168), pid=23416, tid=35436
#
# JRE version: OpenJDK Runtime Environment Temurin-21.0.3+9 (21.0.3+9) (build 21.0.3+9-LTS)
# Java VM: OpenJDK 64-Bit Server VM Temurin-21.0.3+9 (21.0.3+9-LTS, mixed mode, tiered, compressed oops, compressed class ptrs, g1 gc, windows-amd64)
# No core dump will be written. Minidumps are not enabled by default on client versions of Windows
#

---------------  S U M M A R Y ------------

Command Line: -Dfile.encoding=UTF-8 -Djavax.net.ssl.trustStoreType=WINDOWS-ROOT -Dsun.java2d.d3d=false com.st.microxplorer.maingui.STM32CubeMX D:\stmproject\dragonproject\work\F407VGT6\origin\origin.ioc

Host: 13th Gen Intel(R) Core(TM) i9-13900H, 20 cores, 31G,  Windows 11 , 64 bit Build 22621 (10.0.22621.4974)
Time: Thu Apr 24 21:15:45 2025  Windows 11 , 64 bit Build 22621 (10.0.22621.4974) elapsed time: 2261.492284 seconds (0d 0h 37m 41s)

---------------  T H R E A D  ---------------

Current thread (0x000002a381282070):  JavaThread "C2 CompilerThread2" daemon [_thread_in_native, id=35436, stack(0x000000b2e2500000,0x000000b2e2600000) (1024K)]


Current CompileTask:
C2:2261492 48448       4       com.st.microxplorer.mcufinder.gui.mcuselector.McuResultTable::addItem (5060 bytes)

Stack: [0x000000b2e2500000,0x000000b2e2600000]
Native frames: (J=compiled Java code, j=interpreted, Vv=VM code, C=native code)
V  [jvm.dll+0x6c8699]
V  [jvm.dll+0x8a2061]
V  [jvm.dll+0x8a458e]
V  [jvm.dll+0x8a4c63]
V  [jvm.dll+0x27e476]
V  [jvm.dll+0xc4a1d]
V  [jvm.dll+0xc4f53]
V  [jvm.dll+0x712358]
V  [jvm.dll+0x1df7a1]
V  [jvm.dll+0x246b12]
V  [jvm.dll+0x245f9f]
V  [jvm.dll+0x1c6f4e]
V  [jvm.dll+0x255719]
V  [jvm.dll+0x253cba]
V  [jvm.dll+0x3ec1e6]
V  [jvm.dll+0x84bf8b]
V  [jvm.dll+0x6c6dcd]
C  [ucrtbase.dll+0x29333]
C  [KERNEL32.DLL+0x1259d]
C  [ntdll.dll+0x5af38]


---------------  P R O C E S S  ---------------

Threads class SMR info:
_java_thread_list=0x000002a3818a4930, length=46, elements={
0x000002a3f30b2820, 0x000002a3f309af70, 0x000002a3f30a8290, 0x000002a3f30a8cf0,
0x000002a3f30a9880, 0x000002a3f30cf720, 0x000002a3f30d47b0, 0x000002a3f30d5250,
0x000002a3f30cf090, 0x000002a3f30cdce0, 0x000002a3f30ce370, 0x000002a3f30cea00,
0x000002a3f30cfdb0, 0x000002a3f30d0440, 0x000002a3f30cd650, 0x000002a3f8e9f030,
0x000002a3f8ea3860, 0x000002a3f8ea52a0, 0x000002a3f8ea5930, 0x000002a3f8ea5fc0,
0x000002a3f8ea6650, 0x000002a3f8ea1e20, 0x000002a3f8ea1790, 0x000002a3f8ea3ef0,
0x000002a3f8ea24b0, 0x000002a382d603c0, 0x000002a382d5a7e0, 0x000002a382d5ae70,
0x000002a382d59430, 0x000002a382d5c220, 0x000002a382d5f010, 0x000002a3f8ea4580,
0x000002a3f8e9f6c0, 0x000002a3f8e9fd50, 0x000002a3fe7b2e30, 0x000002a38127c110,
0x000002a3812819a0, 0x000002a38127ba40, 0x000002a38127e320, 0x000002a381282070,
0x000002a38127f0c0, 0x000002a38127c7e0, 0x000002a38127dc50, 0x000002a3fe47b400,
0x000002a3fe7ad250, 0x000002a3fe47a660
}

Java Threads: ( => current thread )
  0x000002a3f30b2820 JavaThread "Reference Handler"          daemon [_thread_blocked, id=4512, stack(0x000000b2e0100000,0x000000b2e0200000) (1024K)]
  0x000002a3f309af70 JavaThread "Finalizer"                  daemon [_thread_blocked, id=8660, stack(0x000000b2e0200000,0x000000b2e0300000) (1024K)]
  0x000002a3f30a8290 JavaThread "Signal Dispatcher"          daemon [_thread_blocked, id=29100, stack(0x000000b2e0300000,0x000000b2e0400000) (1024K)]
  0x000002a3f30a8cf0 JavaThread "Attach Listener"            daemon [_thread_blocked, id=20516, stack(0x000000b2e0400000,0x000000b2e0500000) (1024K)]
  0x000002a3f30a9880 JavaThread "Service Thread"             daemon [_thread_blocked, id=27748, stack(0x000000b2e0500000,0x000000b2e0600000) (1024K)]
  0x000002a3f30cf720 JavaThread "Monitor Deflation Thread"   daemon [_thread_blocked, id=33032, stack(0x000000b2e0600000,0x000000b2e0700000) (1024K)]
  0x000002a3f30d47b0 JavaThread "C2 CompilerThread0"         daemon [_thread_in_native, id=4996, stack(0x000000b2e0700000,0x000000b2e0800000) (1024K)]
  0x000002a3f30d5250 JavaThread "C1 CompilerThread0"         daemon [_thread_blocked, id=15356, stack(0x000000b2e0800000,0x000000b2e0900000) (1024K)]
  0x000002a3f30cf090 JavaThread "Notification Thread"        daemon [_thread_blocked, id=7684, stack(0x000000b2e0b00000,0x000000b2e0c00000) (1024K)]
  0x000002a3f30cdce0 JavaThread "Common-Cleaner"             daemon [_thread_blocked, id=31884, stack(0x000000b2e0c00000,0x000000b2e0d00000) (1024K)]
  0x000002a3f30ce370 JavaThread "Java2D Disposer"            daemon [_thread_blocked, id=15600, stack(0x000000b2e2000000,0x000000b2e2100000) (1024K)]
  0x000002a3f30cea00 JavaThread "AWT-Shutdown"                      [_thread_blocked, id=3320, stack(0x000000b2e2100000,0x000000b2e2200000) (1024K)]
  0x000002a3f30cfdb0 JavaThread "AWT-Windows"                daemon [_thread_in_native, id=5688, stack(0x000000b2e2200000,0x000000b2e2300000) (1024K)]
  0x000002a3f30d0440 JavaThread "AWT-EventQueue-0"                  [_thread_blocked, id=29560, stack(0x000000b2e2300000,0x000000b2e2400000) (1024K)]
  0x000002a3f30cd650 JavaThread "DestroyJavaVM"                     [_thread_blocked, id=12808, stack(0x000000b2df900000,0x000000b2dfa00000) (1024K)]
  0x000002a3f8e9f030 JavaThread "TimerQueue"                 daemon [_thread_blocked, id=33264, stack(0x000000b2e2e00000,0x000000b2e2f00000) (1024K)]
  0x000002a3f8ea3860 JavaThread "IPC Server Thread"          daemon [_thread_in_native, id=29764, stack(0x000000b2e3300000,0x000000b2e3400000) (1024K)]
  0x000002a3f8ea52a0 JavaThread "Chromium Process Thread"           [_thread_in_native, id=17984, stack(0x000000b2e3400000,0x000000b2e3500000) (1024K)]
  0x000002a3f8ea5930 JavaThread "Chromium Process Logger"    daemon [_thread_in_native, id=20540, stack(0x000000b2e3200000,0x000000b2e3300000) (1024K)]
  0x000002a3f8ea5fc0 JavaThread "IPC Memory Reader Thread"          [_thread_in_native, id=12704, stack(0x000000b2e3a00000,0x000000b2e3b00000) (1024K)]
  0x000002a3f8ea6650 JavaThread "Browser Thread: 85ebffa9-11a0-40fa-8bb4-bf7256c347de" daemon [_thread_blocked, id=10984, stack(0x000000b2e3b00000,0x000000b2e3c00000) (1024K)]
  0x000002a3f8ea1e20 JavaThread "Socket Connection Checker: 85ebffa9-11a0-40fa-8bb4-bf7256c347de"        [_thread_in_native, id=25468, stack(0x000000b2e3c00000,0x000000b2e3d00000) (1024K)]
  0x000002a3f8ea1790 JavaThread "SwingWorker-pool-3-thread-1" daemon [_thread_blocked, id=11768, stack(0x000000b2e1000000,0x000000b2e1100000) (1024K)]
  0x000002a3f8ea3ef0 JavaThread "IPC Memory Reader Thread"          [_thread_in_native, id=33596, stack(0x000000b2e4100000,0x000000b2e4200000) (1024K)]
  0x000002a3f8ea24b0 JavaThread "Render Thread: 41b68515-2a50-4aea-a71c-09d1d74fb2fa" daemon [_thread_blocked, id=29728, stack(0x000000b2e4200000,0x000000b2e4300000) (1024K)]
  0x000002a382d603c0 JavaThread "Socket Connection Checker: 41b68515-2a50-4aea-a71c-09d1d74fb2fa"        [_thread_in_native, id=20484, stack(0x000000b2e4300000,0x000000b2e4400000) (1024K)]
  0x000002a382d5a7e0 JavaThread "Render Thread: 2484d932-ad6a-430b-a40b-4c836b86cd22" daemon [_thread_blocked, id=11276, stack(0x000000b2e4800000,0x000000b2e4900000) (1024K)]
  0x000002a382d5ae70 JavaThread "IPC Memory Reader Thread"          [_thread_in_native, id=2956, stack(0x000000b2e4700000,0x000000b2e4800000) (1024K)]
  0x000002a382d59430 JavaThread "Socket Connection Checker: 2484d932-ad6a-430b-a40b-4c836b86cd22"        [_thread_in_native, id=25776, stack(0x000000b2e4900000,0x000000b2e4a00000) (1024K)]
  0x000002a382d5c220 JavaThread "SwingWorker-pool-3-thread-2" daemon [_thread_blocked, id=4776, stack(0x000000b2e0900000,0x000000b2e0a00000) (1024K)]
  0x000002a382d5f010 JavaThread "Browser Widget Thread"             [_thread_blocked, id=10088, stack(0x000000b2e0a00000,0x000000b2e0b00000) (1024K)]
  0x000002a3f8ea4580 JavaThread "GPU Thread: a3cbbb46-9d44-49c5-b1c7-2ebe61098080" daemon [_thread_blocked, id=14100, stack(0x000000b2df800000,0x000000b2df900000) (1024K)]
  0x000002a3f8e9f6c0 JavaThread "IPC Memory Reader Thread"          [_thread_in_native, id=30912, stack(0x000000b2df700000,0x000000b2df800000) (1024K)]
  0x000002a3f8e9fd50 JavaThread "Socket Connection Checker: a3cbbb46-9d44-49c5-b1c7-2ebe61098080"        [_thread_in_native, id=19672, stack(0x000000b2e0d00000,0x000000b2e0e00000) (1024K)]
  0x000002a3fe7b2e30 JavaThread "Keep-Alive-Timer"           daemon [_thread_blocked, id=35092, stack(0x000000b2e1100000,0x000000b2e1200000) (1024K)]
  0x000002a38127c110 JavaThread "C1 CompilerThread1"         daemon [_thread_blocked, id=34292, stack(0x000000b2e2600000,0x000000b2e2700000) (1024K)]
  0x000002a3812819a0 JavaThread "C1 CompilerThread2"         daemon [_thread_blocked, id=28884, stack(0x000000b2e2900000,0x000000b2e2a00000) (1024K)]
  0x000002a38127ba40 JavaThread "C1 CompilerThread3"         daemon [_thread_blocked, id=35404, stack(0x000000b2e2f00000,0x000000b2e3000000) (1024K)]
  0x000002a38127e320 JavaThread "C2 CompilerThread1"         daemon [_thread_in_native, id=35516, stack(0x000000b2e2400000,0x000000b2e2500000) (1024K)]
=>0x000002a381282070 JavaThread "C2 CompilerThread2"         daemon [_thread_in_native, id=35436, stack(0x000000b2e2500000,0x000000b2e2600000) (1024K)]
  0x000002a38127f0c0 JavaThread "C2 CompilerThread3"         daemon [_thread_blocked, id=15212, stack(0x000000b2e3000000,0x000000b2e3100000) (1024K)]
  0x000002a38127c7e0 JavaThread "C2 CompilerThread4"         daemon [_thread_in_native, id=35780, stack(0x000000b2e3500000,0x000000b2e3600000) (1024K)]
  0x000002a38127dc50 JavaThread "C2 CompilerThread5"         daemon [_thread_in_native, id=35784, stack(0x000000b2e3600000,0x000000b2e3700000) (1024K)]
  0x000002a3fe47b400 JavaThread "C2 CompilerThread6"         daemon [_thread_blocked, id=35816, stack(0x000000b2e3700000,0x000000b2e3800000) (1024K)]
  0x000002a3fe7ad250 JavaThread "Image Fetcher 0"            daemon [_thread_blocked, id=35108, stack(0x000000b2e3800000,0x000000b2e3900000) (1024K)]
  0x000002a3fe47a660 JavaThread "C2 CompilerThread7"         daemon [_thread_blocked, id=35700, stack(0x000000b2e3d00000,0x000000b2e3e00000) (1024K)]
Total: 46

Other Threads:
  0x000002a3f301f500 VMThread "VM Thread"                           [id=30044, stack(0x000000b2e0000000,0x000000b2e0100000) (1024K)]
  0x000002a3f2ff1270 WatcherThread "VM Periodic Task Thread"        [id=9664, stack(0x000000b2dff00000,0x000000b2e0000000) (1024K)]
  0x000002a3cd121fd0 WorkerThread "GC Thread#0"                     [id=32364, stack(0x000000b2dfa00000,0x000000b2dfb00000) (1024K)]
  0x000002a3f886e990 WorkerThread "GC Thread#1"                     [id=28864, stack(0x000000b2e1200000,0x000000b2e1300000) (1024K)]
  0x000002a3f8841800 WorkerThread "GC Thread#2"                     [id=15704, stack(0x000000b2e1300000,0x000000b2e1400000) (1024K)]
  0x000002a3f85212a0 WorkerThread "GC Thread#3"                     [id=27384, stack(0x000000b2e1400000,0x000000b2e1500000) (1024K)]
  0x000002a3f8698a50 WorkerThread "GC Thread#4"                     [id=23184, stack(0x000000b2e1500000,0x000000b2e1600000) (1024K)]
  0x000002a3f3956580 WorkerThread "GC Thread#5"                     [id=7212, stack(0x000000b2e1600000,0x000000b2e1700000) (1024K)]
  0x000002a3f8760d80 WorkerThread "GC Thread#6"                     [id=24484, stack(0x000000b2e1700000,0x000000b2e1800000) (1024K)]
  0x000002a3f877fb60 WorkerThread "GC Thread#7"                     [id=32280, stack(0x000000b2e1800000,0x000000b2e1900000) (1024K)]
  0x000002a3f38ffa90 WorkerThread "GC Thread#8"                     [id=15780, stack(0x000000b2e1900000,0x000000b2e1a00000) (1024K)]
  0x000002a3f38ffe30 WorkerThread "GC Thread#9"                     [id=13048, stack(0x000000b2e1a00000,0x000000b2e1b00000) (1024K)]
  0x000002a3f38fe4d0 WorkerThread "GC Thread#10"                    [id=25548, stack(0x000000b2e1b00000,0x000000b2e1c00000) (1024K)]
  0x000002a3f38fec10 WorkerThread "GC Thread#11"                    [id=28508, stack(0x000000b2e1c00000,0x000000b2e1d00000) (1024K)]
  0x000002a3f8556280 WorkerThread "GC Thread#12"                    [id=22604, stack(0x000000b2e2a00000,0x000000b2e2b00000) (1024K)]
  0x000002a3f8555b40 WorkerThread "GC Thread#13"                    [id=13488, stack(0x000000b2e2b00000,0x000000b2e2c00000) (1024K)]
  0x000002a3f8557be0 WorkerThread "GC Thread#14"                    [id=28940, stack(0x000000b2e2c00000,0x000000b2e2d00000) (1024K)]
  0x000002a3cd130760 ConcurrentGCThread "G1 Main Marker"            [id=8160, stack(0x000000b2dfb00000,0x000000b2dfc00000) (1024K)]
  0x000002a3efdc2360 WorkerThread "G1 Conc#0"                       [id=21116, stack(0x000000b2dfc00000,0x000000b2dfd00000) (1024K)]
  0x000002a3f38fe870 WorkerThread "G1 Conc#1"                       [id=3036, stack(0x000000b2e1d00000,0x000000b2e1e00000) (1024K)]
  0x000002a3f38fefb0 WorkerThread "G1 Conc#2"                       [id=15548, stack(0x000000b2e1e00000,0x000000b2e1f00000) (1024K)]
  0x000002a3f38ff350 WorkerThread "G1 Conc#3"                       [id=30128, stack(0x000000b2e1f00000,0x000000b2e2000000) (1024K)]
  0x000002a3efe69e60 ConcurrentGCThread "G1 Refine#0"               [id=31244, stack(0x000000b2dfd00000,0x000000b2dfe00000) (1024K)]
  0x000002a3efe6a9d0 ConcurrentGCThread "G1 Service"                [id=32964, stack(0x000000b2dfe00000,0x000000b2dff00000) (1024K)]
Total: 24

Threads with active compile tasks:
C2 CompilerThread0  2261532 48208       4       com.st.microxplorer.mcufinder.db.DbMcus::getSlidersThumbValues (3565 bytes)
C2 CompilerThread1  2261532 48794       4       javax.swing.text.html.BlockView::getAttributes (26 bytes)
C2 CompilerThread2  2261532 48448       4       com.st.microxplorer.mcufinder.gui.mcuselector.McuResultTable::addItem (5060 bytes)
C2 CompilerThread4  2261532 49075       4       javax.swing.text.html.CSSBorder::paintBorder (355 bytes)
C2 CompilerThread5  2261532 48752       4       javax.swing.text.StyleContext$NamedStyle::addAttributes (23 bytes)
Total: 5

VM state: not at safepoint (normal execution)

VM Mutex/Monitor currently owned by a thread: None

Heap address: 0x0000000604400000, size: 8124 MB, Compressed Oops mode: Zero based, Oop shift amount: 3

CDS archive(s) not mapped
Compressed class space mapped at: 0x0000000800000000-0x0000000840000000, reserved size: 1073741824
Narrow klass base: 0x0000000800000000, Narrow klass shift: 0, Narrow klass range: 0x40000000

GC Precious Log:
 CardTable entry size: 512
 Card Set container configuration: InlinePtr #cards 4 size 8 Array Of Cards #cards 32 size 80 Howl #buckets 8 coarsen threshold 7372 Howl Bitmap #cards 1024 size 144 coarsen threshold 921 Card regions per heap region 1 cards per card region 8192
 CPUs: 20 total, 20 available
 Memory: 32491M
 Large Page Support: Disabled
 NUMA Support: Disabled
 Compressed Oops: Enabled (Zero based)
 Heap Region Size: 4M
 Heap Min Capacity: 8M
 Heap Initial Capacity: 508M
 Heap Max Capacity: 8124M
 Pre-touch: Disabled
 Parallel Workers: 15
 Concurrent Workers: 4
 Concurrent Refinement Workers: 15
 Periodic GC: Disabled

Heap:
 garbage-first heap   total 827392K, used 722193K [0x0000000604400000, 0x0000000800000000)
  region size 4096K, 78 young (319488K), 2 survivors (8192K)
 Metaspace       used 120151K, committed 121600K, reserved 1179648K
  class space    used 13331K, committed 14016K, reserved 1048576K

Heap Regions: E=young(eden), S=young(survivor), O=old, HS=humongous(starts), HC=humongous(continues), CS=collection set, F=free, TAMS=top-at-mark-start, PB=parsable bottom
|   0|0x0000000604400000, 0x0000000604800000, 0x0000000604800000|100%|HS|  |TAMS 0x0000000604400000| PB 0x0000000604400000| Complete 
|   1|0x0000000604800000, 0x0000000604c00000, 0x0000000604c00000|100%|HC|  |TAMS 0x0000000604800000| PB 0x0000000604800000| Complete 
|   2|0x0000000604c00000, 0x0000000605000000, 0x0000000605000000|100%| O|  |TAMS 0x0000000604c00000| PB 0x0000000604c00000| Untracked 
|   3|0x0000000605000000, 0x0000000605400000, 0x0000000605400000|100%| O|  |TAMS 0x0000000605000000| PB 0x0000000605000000| Untracked 
|   4|0x0000000605400000, 0x0000000605800000, 0x0000000605800000|100%| O|  |TAMS 0x0000000605400000| PB 0x0000000605400000| Untracked 
|   5|0x0000000605800000, 0x0000000605c00000, 0x0000000605c00000|100%| O|  |TAMS 0x0000000605800000| PB 0x0000000605800000| Untracked 
|   6|0x0000000605c00000, 0x0000000606000000, 0x0000000606000000|100%| O|  |TAMS 0x0000000605c00000| PB 0x0000000605c00000| Untracked 
|   7|0x0000000606000000, 0x0000000606400000, 0x0000000606400000|100%| O|  |TAMS 0x0000000606000000| PB 0x0000000606000000| Untracked 
|   8|0x0000000606400000, 0x0000000606800000, 0x0000000606800000|100%| O|  |TAMS 0x0000000606400000| PB 0x0000000606400000| Untracked 
|   9|0x0000000606800000, 0x0000000606c00000, 0x0000000606c00000|100%| O|  |TAMS 0x0000000606800000| PB 0x0000000606800000| Untracked 
|  10|0x0000000606c00000, 0x0000000607000000, 0x0000000607000000|100%| O|  |TAMS 0x0000000606c00000| PB 0x0000000606c00000| Untracked 
|  11|0x0000000607000000, 0x0000000607400000, 0x0000000607400000|100%|HS|  |TAMS 0x0000000607000000| PB 0x0000000607000000| Complete 
|  12|0x0000000607400000, 0x0000000607800000, 0x0000000607800000|100%|HC|  |TAMS 0x0000000607400000| PB 0x0000000607400000| Complete 
|  13|0x0000000607800000, 0x0000000607c00000, 0x0000000607c00000|100%|HC|  |TAMS 0x0000000607800000| PB 0x0000000607800000| Complete 
|  14|0x0000000607c00000, 0x0000000608000000, 0x0000000608000000|100%|HC|  |TAMS 0x0000000607c00000| PB 0x0000000607c00000| Complete 
|  15|0x0000000608000000, 0x0000000608400000, 0x0000000608400000|100%| O|  |TAMS 0x0000000608000000| PB 0x0000000608000000| Untracked 
|  16|0x0000000608400000, 0x0000000608800000, 0x0000000608800000|100%|HS|  |TAMS 0x0000000608400000| PB 0x0000000608400000| Complete 
|  17|0x0000000608800000, 0x0000000608c00000, 0x0000000608c00000|100%|HS|  |TAMS 0x0000000608800000| PB 0x0000000608800000| Complete 
|  18|0x0000000608c00000, 0x0000000609000000, 0x0000000609000000|100%|HS|  |TAMS 0x0000000608c00000| PB 0x0000000608c00000| Complete 
|  19|0x0000000609000000, 0x0000000609400000, 0x0000000609400000|100%|HS|  |TAMS 0x0000000609000000| PB 0x0000000609000000| Complete 
|  20|0x0000000609400000, 0x0000000609800000, 0x0000000609800000|100%|HS|  |TAMS 0x0000000609400000| PB 0x0000000609400000| Complete 
|  21|0x0000000609800000, 0x0000000609c00000, 0x0000000609c00000|100%|HS|  |TAMS 0x0000000609800000| PB 0x0000000609800000| Complete 
|  22|0x0000000609c00000, 0x000000060a000000, 0x000000060a000000|100%|HS|  |TAMS 0x0000000609c00000| PB 0x0000000609c00000| Complete 
|  23|0x000000060a000000, 0x000000060a400000, 0x000000060a400000|100%|HS|  |TAMS 0x000000060a000000| PB 0x000000060a000000| Complete 
|  24|0x000000060a400000, 0x000000060a800000, 0x000000060a800000|100%| O|  |TAMS 0x000000060a400000| PB 0x000000060a400000| Untracked 
|  25|0x000000060a800000, 0x000000060ac00000, 0x000000060ac00000|100%|HS|  |TAMS 0x000000060a800000| PB 0x000000060a800000| Complete 
|  26|0x000000060ac00000, 0x000000060b000000, 0x000000060b000000|100%|HS|  |TAMS 0x000000060ac00000| PB 0x000000060ac00000| Complete 
|  27|0x000000060b000000, 0x000000060b400000, 0x000000060b400000|100%| O|  |TAMS 0x000000060b000000| PB 0x000000060b000000| Untracked 
|  28|0x000000060b400000, 0x000000060b800000, 0x000000060b800000|100%|HS|  |TAMS 0x000000060b400000| PB 0x000000060b400000| Complete 
|  29|0x000000060b800000, 0x000000060bc00000, 0x000000060bc00000|100%|HC|  |TAMS 0x000000060b800000| PB 0x000000060b800000| Complete 
|  30|0x000000060bc00000, 0x000000060c000000, 0x000000060c000000|100%|HC|  |TAMS 0x000000060bc00000| PB 0x000000060bc00000| Complete 
|  31|0x000000060c000000, 0x000000060c400000, 0x000000060c400000|100%|HC|  |TAMS 0x000000060c000000| PB 0x000000060c000000| Complete 
|  32|0x000000060c400000, 0x000000060c800000, 0x000000060c800000|100%| O|  |TAMS 0x000000060c400000| PB 0x000000060c400000| Untracked 
|  33|0x000000060c800000, 0x000000060cc00000, 0x000000060cc00000|100%| O|  |TAMS 0x000000060c800000| PB 0x000000060c800000| Untracked 
|  34|0x000000060cc00000, 0x000000060d000000, 0x000000060d000000|100%| O|  |TAMS 0x000000060cc00000| PB 0x000000060cc00000| Untracked 
|  35|0x000000060d000000, 0x000000060d400000, 0x000000060d400000|100%| O|  |TAMS 0x000000060d000000| PB 0x000000060d000000| Untracked 
|  36|0x000000060d400000, 0x000000060d800000, 0x000000060d800000|100%| O|  |TAMS 0x000000060d400000| PB 0x000000060d400000| Untracked 
|  37|0x000000060d800000, 0x000000060dc00000, 0x000000060dc00000|100%| O|  |TAMS 0x000000060d800000| PB 0x000000060d800000| Untracked 
|  38|0x000000060dc00000, 0x000000060e000000, 0x000000060e000000|100%|HS|  |TAMS 0x000000060dc00000| PB 0x000000060dc00000| Complete 
|  39|0x000000060e000000, 0x000000060e400000, 0x000000060e400000|100%|HC|  |TAMS 0x000000060e000000| PB 0x000000060e000000| Complete 
|  40|0x000000060e400000, 0x000000060e800000, 0x000000060e800000|100%| O|  |TAMS 0x000000060e400000| PB 0x000000060e400000| Untracked 
|  41|0x000000060e800000, 0x000000060ec00000, 0x000000060ec00000|100%| O|  |TAMS 0x000000060e800000| PB 0x000000060e800000| Untracked 
|  42|0x000000060ec00000, 0x000000060f000000, 0x000000060f000000|100%| O|  |TAMS 0x000000060ec00000| PB 0x000000060ec00000| Untracked 
|  43|0x000000060f000000, 0x000000060f400000, 0x000000060f400000|100%| O|  |TAMS 0x000000060f000000| PB 0x000000060f000000| Untracked 
|  44|0x000000060f400000, 0x000000060f800000, 0x000000060f800000|100%| O|  |TAMS 0x000000060f400000| PB 0x000000060f400000| Untracked 
|  45|0x000000060f800000, 0x000000060fc00000, 0x000000060fc00000|100%| O|  |TAMS 0x000000060f800000| PB 0x000000060f800000| Untracked 
|  46|0x000000060fc00000, 0x0000000610000000, 0x0000000610000000|100%| O|  |TAMS 0x000000060fc00000| PB 0x000000060fc00000| Untracked 
|  47|0x0000000610000000, 0x0000000610400000, 0x0000000610400000|100%| O|  |TAMS 0x0000000610000000| PB 0x0000000610000000| Untracked 
|  48|0x0000000610400000, 0x0000000610800000, 0x0000000610800000|100%| O|  |TAMS 0x0000000610400000| PB 0x0000000610400000| Untracked 
|  49|0x0000000610800000, 0x0000000610c00000, 0x0000000610c00000|100%| O|  |TAMS 0x0000000610800000| PB 0x0000000610800000| Untracked 
|  50|0x0000000610c00000, 0x0000000611000000, 0x0000000611000000|100%| O|  |TAMS 0x0000000610c00000| PB 0x0000000610c00000| Untracked 
|  51|0x0000000611000000, 0x0000000611400000, 0x0000000611400000|100%| O|  |TAMS 0x0000000611000000| PB 0x0000000611000000| Untracked 
|  52|0x0000000611400000, 0x0000000611800000, 0x0000000611800000|100%| O|  |TAMS 0x0000000611400000| PB 0x0000000611400000| Untracked 
|  53|0x0000000611800000, 0x0000000611c00000, 0x0000000611c00000|100%| O|  |TAMS 0x0000000611800000| PB 0x0000000611800000| Untracked 
|  54|0x0000000611c00000, 0x0000000612000000, 0x0000000612000000|100%| O|  |TAMS 0x0000000611c00000| PB 0x0000000611c00000| Untracked 
|  55|0x0000000612000000, 0x0000000612400000, 0x0000000612400000|100%| O|  |TAMS 0x0000000612000000| PB 0x0000000612000000| Untracked 
|  56|0x0000000612400000, 0x0000000612800000, 0x0000000612800000|100%| O|  |TAMS 0x0000000612400000| PB 0x0000000612400000| Untracked 
|  57|0x0000000612800000, 0x0000000612c00000, 0x0000000612c00000|100%| O|  |TAMS 0x0000000612800000| PB 0x0000000612800000| Untracked 
|  58|0x0000000612c00000, 0x0000000613000000, 0x0000000613000000|100%| O|  |TAMS 0x0000000612c00000| PB 0x0000000612c00000| Untracked 
|  59|0x0000000613000000, 0x0000000613400000, 0x0000000613400000|100%| O|  |TAMS 0x0000000613000000| PB 0x0000000613000000| Untracked 
|  60|0x0000000613400000, 0x0000000613800000, 0x0000000613800000|100%| O|  |TAMS 0x0000000613400000| PB 0x0000000613400000| Untracked 
|  61|0x0000000613800000, 0x0000000613c00000, 0x0000000613c00000|100%| O|  |TAMS 0x0000000613800000| PB 0x0000000613800000| Untracked 
|  62|0x0000000613c00000, 0x0000000614000000, 0x0000000614000000|100%| O|  |TAMS 0x0000000613c00000| PB 0x0000000613c00000| Untracked 
|  63|0x0000000614000000, 0x0000000614400000, 0x0000000614400000|100%| O|  |TAMS 0x0000000614000000| PB 0x0000000614000000| Untracked 
|  64|0x0000000614400000, 0x0000000614800000, 0x0000000614800000|100%| O|  |TAMS 0x0000000614400000| PB 0x0000000614400000| Untracked 
|  65|0x0000000614800000, 0x0000000614c00000, 0x0000000614c00000|100%| O|  |TAMS 0x0000000614800000| PB 0x0000000614800000| Untracked 
|  66|0x0000000614c00000, 0x0000000615000000, 0x0000000615000000|100%| O|  |TAMS 0x0000000614c00000| PB 0x0000000614c00000| Untracked 
|  67|0x0000000615000000, 0x0000000615400000, 0x0000000615400000|100%| O|  |TAMS 0x0000000615000000| PB 0x0000000615000000| Untracked 
|  68|0x0000000615400000, 0x0000000615400000, 0x0000000615800000|  0%| F|  |TAMS 0x0000000615400000| PB 0x0000000615400000| Untracked 
|  69|0x0000000615800000, 0x0000000615c00000, 0x0000000615c00000|100%|HS|  |TAMS 0x0000000615800000| PB 0x0000000615800000| Complete 
|  70|0x0000000615c00000, 0x0000000616000000, 0x0000000616000000|100%|HC|  |TAMS 0x0000000615c00000| PB 0x0000000615c00000| Complete 
|  71|0x0000000616000000, 0x0000000616400000, 0x0000000616400000|100%|HC|  |TAMS 0x0000000616000000| PB 0x0000000616000000| Complete 
|  72|0x0000000616400000, 0x0000000616800000, 0x0000000616800000|100%|HC|  |TAMS 0x0000000616400000| PB 0x0000000616400000| Complete 
|  73|0x0000000616800000, 0x0000000616c00000, 0x0000000616c00000|100%| O|  |TAMS 0x0000000616800000| PB 0x0000000616800000| Untracked 
|  74|0x0000000616c00000, 0x0000000617000000, 0x0000000617000000|100%| O|  |TAMS 0x0000000616c00000| PB 0x0000000616c00000| Untracked 
|  75|0x0000000617000000, 0x0000000617400000, 0x0000000617400000|100%| O|  |TAMS 0x0000000617000000| PB 0x0000000617000000| Untracked 
|  76|0x0000000617400000, 0x0000000617800000, 0x0000000617800000|100%| O|  |TAMS 0x0000000617400000| PB 0x0000000617400000| Untracked 
|  77|0x0000000617800000, 0x0000000617c00000, 0x0000000617c00000|100%| O|  |TAMS 0x0000000617800000| PB 0x0000000617800000| Untracked 
|  78|0x0000000617c00000, 0x0000000618000000, 0x0000000618000000|100%| O|  |TAMS 0x0000000617c00000| PB 0x0000000617c00000| Untracked 
|  79|0x0000000618000000, 0x0000000618400000, 0x0000000618400000|100%| O|  |TAMS 0x0000000618000000| PB 0x0000000618000000| Untracked 
|  80|0x0000000618400000, 0x0000000618800000, 0x0000000618800000|100%| O|  |TAMS 0x0000000618400000| PB 0x0000000618400000| Untracked 
|  81|0x0000000618800000, 0x0000000618c00000, 0x0000000618c00000|100%| O|  |TAMS 0x0000000618800000| PB 0x0000000618800000| Untracked 
|  82|0x0000000618c00000, 0x0000000619000000, 0x0000000619000000|100%| O|  |TAMS 0x0000000618c00000| PB 0x0000000618c00000| Untracked 
|  83|0x0000000619000000, 0x0000000619400000, 0x0000000619400000|100%| O|  |TAMS 0x0000000619000000| PB 0x0000000619000000| Untracked 
|  84|0x0000000619400000, 0x0000000619800000, 0x0000000619800000|100%| O|  |TAMS 0x0000000619400000| PB 0x0000000619400000| Untracked 
|  85|0x0000000619800000, 0x0000000619c00000, 0x0000000619c00000|100%| O|  |TAMS 0x0000000619800000| PB 0x0000000619800000| Untracked 
|  86|0x0000000619c00000, 0x000000061a000000, 0x000000061a000000|100%| O|  |TAMS 0x0000000619c00000| PB 0x0000000619c00000| Untracked 
|  87|0x000000061a000000, 0x000000061a400000, 0x000000061a400000|100%| O|  |TAMS 0x000000061a000000| PB 0x000000061a000000| Untracked 
|  88|0x000000061a400000, 0x000000061a800000, 0x000000061a800000|100%| O|  |TAMS 0x000000061a400000| PB 0x000000061a400000| Untracked 
|  89|0x000000061a800000, 0x000000061ac00000, 0x000000061ac00000|100%| O|  |TAMS 0x000000061a800000| PB 0x000000061a800000| Untracked 
|  90|0x000000061ac00000, 0x000000061b000000, 0x000000061b000000|100%| O|  |TAMS 0x000000061ac00000| PB 0x000000061ac00000| Untracked 
|  91|0x000000061b000000, 0x000000061b400000, 0x000000061b400000|100%| O|  |TAMS 0x000000061b000000| PB 0x000000061b000000| Untracked 
|  92|0x000000061b400000, 0x000000061b800000, 0x000000061b800000|100%| O|  |TAMS 0x000000061b400000| PB 0x000000061b400000| Untracked 
|  93|0x000000061b800000, 0x000000061bc00000, 0x000000061bc00000|100%| O|  |TAMS 0x000000061b800000| PB 0x000000061b800000| Untracked 
|  94|0x000000061bc00000, 0x000000061bd8e920, 0x000000061c000000| 38%| O|  |TAMS 0x000000061bc00000| PB 0x000000061bc00000| Untracked 
|  95|0x000000061c000000, 0x000000061c000000, 0x000000061c400000|  0%| F|  |TAMS 0x000000061c000000| PB 0x000000061c000000| Untracked 
|  96|0x000000061c400000, 0x000000061c800000, 0x000000061c800000|100%| O|  |TAMS 0x000000061c400000| PB 0x000000061c400000| Untracked 
|  97|0x000000061c800000, 0x000000061c800000, 0x000000061cc00000|  0%| F|  |TAMS 0x000000061c800000| PB 0x000000061c800000| Untracked 
|  98|0x000000061cc00000, 0x000000061cc00000, 0x000000061d000000|  0%| F|  |TAMS 0x000000061cc00000| PB 0x000000061cc00000| Untracked 
|  99|0x000000061d000000, 0x000000061d000000, 0x000000061d400000|  0%| F|  |TAMS 0x000000061d000000| PB 0x000000061d000000| Untracked 
| 100|0x000000061d400000, 0x000000061d400000, 0x000000061d800000|  0%| F|  |TAMS 0x000000061d400000| PB 0x000000061d400000| Untracked 
| 101|0x000000061d800000, 0x000000061d800000, 0x000000061dc00000|  0%| F|  |TAMS 0x000000061d800000| PB 0x000000061d800000| Untracked 
| 102|0x000000061dc00000, 0x000000061dc00000, 0x000000061e000000|  0%| F|  |TAMS 0x000000061dc00000| PB 0x000000061dc00000| Untracked 
| 103|0x000000061e000000, 0x000000061e000000, 0x000000061e400000|  0%| F|  |TAMS 0x000000061e000000| PB 0x000000061e000000| Untracked 
| 104|0x000000061e400000, 0x000000061e400000, 0x000000061e800000|  0%| F|  |TAMS 0x000000061e400000| PB 0x000000061e400000| Untracked 
| 105|0x000000061e800000, 0x000000061e800000, 0x000000061ec00000|  0%| F|  |TAMS 0x000000061e800000| PB 0x000000061e800000| Untracked 
| 106|0x000000061ec00000, 0x000000061ec00000, 0x000000061f000000|  0%| F|  |TAMS 0x000000061ec00000| PB 0x000000061ec00000| Untracked 
| 107|0x000000061f000000, 0x000000061f000000, 0x000000061f400000|  0%| F|  |TAMS 0x000000061f000000| PB 0x000000061f000000| Untracked 
| 108|0x000000061f400000, 0x000000061f400000, 0x000000061f800000|  0%| F|  |TAMS 0x000000061f400000| PB 0x000000061f400000| Untracked 
| 109|0x000000061f800000, 0x000000061f800000, 0x000000061fc00000|  0%| F|  |TAMS 0x000000061f800000| PB 0x000000061f800000| Untracked 
| 110|0x000000061fc00000, 0x000000061fc00000, 0x0000000620000000|  0%| F|  |TAMS 0x000000061fc00000| PB 0x000000061fc00000| Untracked 
| 111|0x0000000620000000, 0x0000000620000000, 0x0000000620400000|  0%| F|  |TAMS 0x0000000620000000| PB 0x0000000620000000| Untracked 
| 112|0x0000000620400000, 0x0000000620400000, 0x0000000620800000|  0%| F|  |TAMS 0x0000000620400000| PB 0x0000000620400000| Untracked 
| 113|0x0000000620800000, 0x0000000620800000, 0x0000000620c00000|  0%| F|  |TAMS 0x0000000620800000| PB 0x0000000620800000| Untracked 
| 114|0x0000000620c00000, 0x0000000620c00000, 0x0000000621000000|  0%| F|  |TAMS 0x0000000620c00000| PB 0x0000000620c00000| Untracked 
| 115|0x0000000621000000, 0x0000000621000000, 0x0000000621400000|  0%| F|  |TAMS 0x0000000621000000| PB 0x0000000621000000| Untracked 
| 116|0x0000000621400000, 0x0000000621400000, 0x0000000621800000|  0%| F|  |TAMS 0x0000000621400000| PB 0x0000000621400000| Untracked 
| 117|0x0000000621800000, 0x0000000621800000, 0x0000000621c00000|  0%| F|  |TAMS 0x0000000621800000| PB 0x0000000621800000| Untracked 
| 118|0x0000000621c00000, 0x0000000621c00000, 0x0000000622000000|  0%| F|  |TAMS 0x0000000621c00000| PB 0x0000000621c00000| Untracked 
| 119|0x0000000622000000, 0x0000000622004580, 0x0000000622400000|  0%| E|  |TAMS 0x0000000622000000| PB 0x0000000622000000| Complete 
| 120|0x0000000622400000, 0x00000006227b5c20, 0x0000000622800000| 92%| S|CS|TAMS 0x0000000622400000| PB 0x0000000622400000| Complete 
| 121|0x0000000622800000, 0x0000000622c00000, 0x0000000622c00000|100%| S|CS|TAMS 0x0000000622800000| PB 0x0000000622800000| Complete 
| 122|0x0000000622c00000, 0x0000000623000000, 0x0000000623000000|100%| E|CS|TAMS 0x0000000622c00000| PB 0x0000000622c00000| Complete 
| 123|0x0000000623000000, 0x0000000623400000, 0x0000000623400000|100%| E|CS|TAMS 0x0000000623000000| PB 0x0000000623000000| Complete 
| 124|0x0000000623400000, 0x0000000623800000, 0x0000000623800000|100%| E|CS|TAMS 0x0000000623400000| PB 0x0000000623400000| Complete 
| 125|0x0000000623800000, 0x0000000623c00000, 0x0000000623c00000|100%| E|CS|TAMS 0x0000000623800000| PB 0x0000000623800000| Complete 
| 126|0x0000000623c00000, 0x0000000624000000, 0x0000000624000000|100%| E|CS|TAMS 0x0000000623c00000| PB 0x0000000623c00000| Complete 
| 127|0x0000000624000000, 0x0000000624400000, 0x0000000624400000|100%| E|CS|TAMS 0x0000000624000000| PB 0x0000000624000000| Complete 
| 128|0x0000000624400000, 0x0000000624800000, 0x0000000624800000|100%| E|CS|TAMS 0x0000000624400000| PB 0x0000000624400000| Complete 
| 129|0x0000000624800000, 0x0000000624c00000, 0x0000000624c00000|100%| E|CS|TAMS 0x0000000624800000| PB 0x0000000624800000| Complete 
| 130|0x0000000624c00000, 0x0000000625000000, 0x0000000625000000|100%| E|CS|TAMS 0x0000000624c00000| PB 0x0000000624c00000| Complete 
| 131|0x0000000625000000, 0x0000000625400000, 0x0000000625400000|100%| E|CS|TAMS 0x0000000625000000| PB 0x0000000625000000| Complete 
| 132|0x0000000625400000, 0x0000000625800000, 0x0000000625800000|100%| E|CS|TAMS 0x0000000625400000| PB 0x0000000625400000| Complete 
| 133|0x0000000625800000, 0x0000000625c00000, 0x0000000625c00000|100%| E|CS|TAMS 0x0000000625800000| PB 0x0000000625800000| Complete 
| 134|0x0000000625c00000, 0x0000000626000000, 0x0000000626000000|100%| E|CS|TAMS 0x0000000625c00000| PB 0x0000000625c00000| Complete 
| 135|0x0000000626000000, 0x0000000626400000, 0x0000000626400000|100%| E|CS|TAMS 0x0000000626000000| PB 0x0000000626000000| Complete 
| 136|0x0000000626400000, 0x0000000626800000, 0x0000000626800000|100%| E|CS|TAMS 0x0000000626400000| PB 0x0000000626400000| Complete 
| 137|0x0000000626800000, 0x0000000626c00000, 0x0000000626c00000|100%| E|CS|TAMS 0x0000000626800000| PB 0x0000000626800000| Complete 
| 138|0x0000000626c00000, 0x0000000627000000, 0x0000000627000000|100%| E|CS|TAMS 0x0000000626c00000| PB 0x0000000626c00000| Complete 
| 139|0x0000000627000000, 0x0000000627400000, 0x0000000627400000|100%| E|CS|TAMS 0x0000000627000000| PB 0x0000000627000000| Complete 
| 140|0x0000000627400000, 0x0000000627800000, 0x0000000627800000|100%| E|CS|TAMS 0x0000000627400000| PB 0x0000000627400000| Complete 
| 141|0x0000000627800000, 0x0000000627c00000, 0x0000000627c00000|100%| E|CS|TAMS 0x0000000627800000| PB 0x0000000627800000| Complete 
| 142|0x0000000627c00000, 0x0000000628000000, 0x0000000628000000|100%| E|CS|TAMS 0x0000000627c00000| PB 0x0000000627c00000| Complete 
| 143|0x0000000628000000, 0x0000000628400000, 0x0000000628400000|100%| E|CS|TAMS 0x0000000628000000| PB 0x0000000628000000| Complete 
| 144|0x0000000628400000, 0x0000000628800000, 0x0000000628800000|100%| E|CS|TAMS 0x0000000628400000| PB 0x0000000628400000| Complete 
| 145|0x0000000628800000, 0x0000000628c00000, 0x0000000628c00000|100%| E|CS|TAMS 0x0000000628800000| PB 0x0000000628800000| Complete 
| 146|0x0000000628c00000, 0x0000000629000000, 0x0000000629000000|100%| E|CS|TAMS 0x0000000628c00000| PB 0x0000000628c00000| Complete 
| 147|0x0000000629000000, 0x0000000629400000, 0x0000000629400000|100%| E|CS|TAMS 0x0000000629000000| PB 0x0000000629000000| Complete 
| 148|0x0000000629400000, 0x0000000629800000, 0x0000000629800000|100%| E|CS|TAMS 0x0000000629400000| PB 0x0000000629400000| Complete 
| 149|0x0000000629800000, 0x0000000629c00000, 0x0000000629c00000|100%| E|CS|TAMS 0x0000000629800000| PB 0x0000000629800000| Complete 
| 150|0x0000000629c00000, 0x000000062a000000, 0x000000062a000000|100%| E|CS|TAMS 0x0000000629c00000| PB 0x0000000629c00000| Complete 
| 151|0x000000062a000000, 0x000000062a400000, 0x000000062a400000|100%| E|CS|TAMS 0x000000062a000000| PB 0x000000062a000000| Complete 
| 152|0x000000062a400000, 0x000000062a800000, 0x000000062a800000|100%| E|CS|TAMS 0x000000062a400000| PB 0x000000062a400000| Complete 
| 153|0x000000062a800000, 0x000000062ac00000, 0x000000062ac00000|100%| E|CS|TAMS 0x000000062a800000| PB 0x000000062a800000| Complete 
| 154|0x000000062ac00000, 0x000000062b000000, 0x000000062b000000|100%| E|CS|TAMS 0x000000062ac00000| PB 0x000000062ac00000| Complete 
| 155|0x000000062b000000, 0x000000062b400000, 0x000000062b400000|100%| E|CS|TAMS 0x000000062b000000| PB 0x000000062b000000| Complete 
| 156|0x000000062b400000, 0x000000062b800000, 0x000000062b800000|100%| E|CS|TAMS 0x000000062b400000| PB 0x000000062b400000| Complete 
| 157|0x000000062b800000, 0x000000062bc00000, 0x000000062bc00000|100%| E|CS|TAMS 0x000000062b800000| PB 0x000000062b800000| Complete 
| 158|0x000000062bc00000, 0x000000062c000000, 0x000000062c000000|100%| E|CS|TAMS 0x000000062bc00000| PB 0x000000062bc00000| Complete 
| 159|0x000000062c000000, 0x000000062c400000, 0x000000062c400000|100%| E|CS|TAMS 0x000000062c000000| PB 0x000000062c000000| Complete 
| 160|0x000000062c400000, 0x000000062c800000, 0x000000062c800000|100%| E|CS|TAMS 0x000000062c400000| PB 0x000000062c400000| Complete 
| 161|0x000000062c800000, 0x000000062cc00000, 0x000000062cc00000|100%| E|CS|TAMS 0x000000062c800000| PB 0x000000062c800000| Complete 
| 162|0x000000062cc00000, 0x000000062d000000, 0x000000062d000000|100%| E|CS|TAMS 0x000000062cc00000| PB 0x000000062cc00000| Complete 
| 163|0x000000062d000000, 0x000000062d400000, 0x000000062d400000|100%| E|CS|TAMS 0x000000062d000000| PB 0x000000062d000000| Complete 
| 164|0x000000062d400000, 0x000000062d800000, 0x000000062d800000|100%| E|CS|TAMS 0x000000062d400000| PB 0x000000062d400000| Complete 
| 165|0x000000062d800000, 0x000000062dc00000, 0x000000062dc00000|100%| E|CS|TAMS 0x000000062d800000| PB 0x000000062d800000| Complete 
| 166|0x000000062dc00000, 0x000000062e000000, 0x000000062e000000|100%| E|CS|TAMS 0x000000062dc00000| PB 0x000000062dc00000| Complete 
| 167|0x000000062e000000, 0x000000062e400000, 0x000000062e400000|100%| E|CS|TAMS 0x000000062e000000| PB 0x000000062e000000| Complete 
| 168|0x000000062e400000, 0x000000062e800000, 0x000000062e800000|100%| E|CS|TAMS 0x000000062e400000| PB 0x000000062e400000| Complete 
| 169|0x000000062e800000, 0x000000062ec00000, 0x000000062ec00000|100%| E|CS|TAMS 0x000000062e800000| PB 0x000000062e800000| Complete 
| 170|0x000000062ec00000, 0x000000062f000000, 0x000000062f000000|100%| E|CS|TAMS 0x000000062ec00000| PB 0x000000062ec00000| Complete 
| 171|0x000000062f000000, 0x000000062f400000, 0x000000062f400000|100%| E|CS|TAMS 0x000000062f000000| PB 0x000000062f000000| Complete 
| 172|0x000000062f400000, 0x000000062f800000, 0x000000062f800000|100%| E|CS|TAMS 0x000000062f400000| PB 0x000000062f400000| Complete 
| 173|0x000000062f800000, 0x000000062fc00000, 0x000000062fc00000|100%| E|CS|TAMS 0x000000062f800000| PB 0x000000062f800000| Complete 
| 174|0x000000062fc00000, 0x0000000630000000, 0x0000000630000000|100%| E|CS|TAMS 0x000000062fc00000| PB 0x000000062fc00000| Complete 
| 175|0x0000000630000000, 0x0000000630400000, 0x0000000630400000|100%| E|CS|TAMS 0x0000000630000000| PB 0x0000000630000000| Complete 
| 176|0x0000000630400000, 0x0000000630800000, 0x0000000630800000|100%| E|CS|TAMS 0x0000000630400000| PB 0x0000000630400000| Complete 
| 177|0x0000000630800000, 0x0000000630c00000, 0x0000000630c00000|100%| E|CS|TAMS 0x0000000630800000| PB 0x0000000630800000| Complete 
| 178|0x0000000630c00000, 0x0000000631000000, 0x0000000631000000|100%| E|CS|TAMS 0x0000000630c00000| PB 0x0000000630c00000| Complete 
| 179|0x0000000631000000, 0x0000000631400000, 0x0000000631400000|100%| E|CS|TAMS 0x0000000631000000| PB 0x0000000631000000| Complete 
| 180|0x0000000631400000, 0x0000000631800000, 0x0000000631800000|100%| E|CS|TAMS 0x0000000631400000| PB 0x0000000631400000| Complete 
| 181|0x0000000631800000, 0x0000000631c00000, 0x0000000631c00000|100%| E|CS|TAMS 0x0000000631800000| PB 0x0000000631800000| Complete 
| 182|0x0000000631c00000, 0x0000000632000000, 0x0000000632000000|100%| E|CS|TAMS 0x0000000631c00000| PB 0x0000000631c00000| Complete 
| 183|0x0000000632000000, 0x0000000632400000, 0x0000000632400000|100%| E|CS|TAMS 0x0000000632000000| PB 0x0000000632000000| Complete 
| 184|0x0000000632400000, 0x0000000632800000, 0x0000000632800000|100%| E|CS|TAMS 0x0000000632400000| PB 0x0000000632400000| Complete 
| 185|0x0000000632800000, 0x0000000632c00000, 0x0000000632c00000|100%| E|CS|TAMS 0x0000000632800000| PB 0x0000000632800000| Complete 
| 186|0x0000000632c00000, 0x0000000633000000, 0x0000000633000000|100%| E|CS|TAMS 0x0000000632c00000| PB 0x0000000632c00000| Complete 
| 187|0x0000000633000000, 0x0000000633400000, 0x0000000633400000|100%| E|CS|TAMS 0x0000000633000000| PB 0x0000000633000000| Complete 
| 188|0x0000000633400000, 0x0000000633800000, 0x0000000633800000|100%| E|CS|TAMS 0x0000000633400000| PB 0x0000000633400000| Complete 
| 189|0x0000000633800000, 0x0000000633c00000, 0x0000000633c00000|100%| E|CS|TAMS 0x0000000633800000| PB 0x0000000633800000| Complete 
| 190|0x0000000633c00000, 0x0000000634000000, 0x0000000634000000|100%| E|CS|TAMS 0x0000000633c00000| PB 0x0000000633c00000| Complete 
| 191|0x0000000634000000, 0x0000000634400000, 0x0000000634400000|100%| E|CS|TAMS 0x0000000634000000| PB 0x0000000634000000| Complete 
| 192|0x0000000634400000, 0x0000000634800000, 0x0000000634800000|100%| E|CS|TAMS 0x0000000634400000| PB 0x0000000634400000| Complete 
| 193|0x0000000634800000, 0x0000000634c00000, 0x0000000634c00000|100%| E|CS|TAMS 0x0000000634800000| PB 0x0000000634800000| Complete 
| 194|0x0000000634c00000, 0x0000000635000000, 0x0000000635000000|100%| E|CS|TAMS 0x0000000634c00000| PB 0x0000000634c00000| Complete 
| 195|0x0000000635000000, 0x0000000635400000, 0x0000000635400000|100%| E|CS|TAMS 0x0000000635000000| PB 0x0000000635000000| Complete 
| 196|0x0000000635400000, 0x0000000635800000, 0x0000000635800000|100%| E|CS|TAMS 0x0000000635400000| PB 0x0000000635400000| Complete 
|2026|0x00000007fec00000, 0x00000007ff000000, 0x00000007ff000000|100%| O|  |TAMS 0x00000007fec00000| PB 0x00000007fec00000| Untracked 
|2027|0x00000007ff000000, 0x00000007ff400000, 0x00000007ff400000|100%| O|  |TAMS 0x00000007ff000000| PB 0x00000007ff000000| Untracked 
|2028|0x00000007ff400000, 0x00000007ff800000, 0x00000007ff800000|100%| O|  |TAMS 0x00000007ff400000| PB 0x00000007ff400000| Untracked 
|2029|0x00000007ff800000, 0x00000007ffc00000, 0x00000007ffc00000|100%| O|  |TAMS 0x00000007ff800000| PB 0x00000007ff800000| Untracked 
|2030|0x00000007ffc00000, 0x0000000800000000, 0x0000000800000000|100%| O|  |TAMS 0x00000007ffc00000| PB 0x00000007ffc00000| Untracked 

Card table byte_map: [0x000002a3e6da0000,0x000002a3e7d80000] _byte_map_base: 0x000002a3e3d7e000

Marking Bits: (CMBitMap*) 0x000002a3cd1236e0
 Bits: [0x000002a3e7d80000, 0x000002a3efc70000)

Polling page: 0x000002a3caf40000

Metaspace:

Usage:
  Non-class:    104.32 MB used.
      Class:     13.02 MB used.
       Both:    117.34 MB used.

Virtual space:
  Non-class space:      128.00 MB reserved,     105.06 MB ( 82%) committed,  2 nodes.
      Class space:        1.00 GB reserved,      13.69 MB (  1%) committed,  1 nodes.
             Both:        1.12 GB reserved,     118.75 MB ( 10%) committed. 

Chunk freelists:
   Non-Class:  6.22 MB
       Class:  2.34 MB
        Both:  8.56 MB

MaxMetaspaceSize: unlimited
CompressedClassSpaceSize: 1.00 GB
Initial GC threshold: 21.00 MB
Current GC threshold: 196.50 MB
CDS: off
 - commit_granule_bytes: 65536.
 - commit_granule_words: 8192.
 - virtual_space_node_default_size: 8388608.
 - enlarge_chunks_in_place: 1.
 - use_allocation_guard: 0.


Internal statistics:

num_allocs_failed_limit: 15.
num_arena_births: 1550.
num_arena_deaths: 28.
num_vsnodes_births: 3.
num_vsnodes_deaths: 0.
num_space_committed: 1900.
num_space_uncommitted: 1.
num_chunks_returned_to_freelist: 98.
num_chunks_taken_from_freelist: 5094.
num_chunk_merges: 26.
num_chunk_splits: 3505.
num_chunks_enlarged: 2350.
num_inconsistent_stats: 0.

CodeHeap 'non-profiled nmethods': size=119168Kb used=19061Kb max_used=19689Kb free=100106Kb
 bounds [0x000002a3ddeb0000, 0x000002a3df240000, 0x000002a3e5310000]
CodeHeap 'profiled nmethods': size=119104Kb used=21968Kb max_used=42176Kb free=97135Kb
 bounds [0x000002a3d6310000, 0x000002a3d8c50000, 0x000002a3dd760000]
CodeHeap 'non-nmethods': size=7488Kb used=3865Kb max_used=3977Kb free=3622Kb
 bounds [0x000002a3dd760000, 0x000002a3ddb70000, 0x000002a3ddeb0000]
 total_blobs=12457 nmethods=11349 adapters=1006
 compilation: enabled
              stopped_count=0, restarted_count=0
 full_count=0

Compilation events (20 events):
Event: 2261.451 Thread 0x000002a38127ba40 49072 %     3       sun.java2d.marlin.MarlinTileGenerator::getAlphaRLE @ 630 (1749 bytes)
Event: 2261.451 Thread 0x000002a38127c7e0 nmethod 49061 0x000002a3dee95490 code [0x000002a3dee956a0, 0x000002a3dee95950]
Event: 2261.452 Thread 0x000002a38127c7e0 49069       4       sun.java2d.marlin.MarlinCache::alphaSumInTile (16 bytes)
Event: 2261.452 Thread 0x000002a38127c7e0 nmethod 49069 0x000002a3dee95190 code [0x000002a3dee95320, 0x000002a3dee953f8]
Event: 2261.453 Thread 0x000002a38127c7e0 49068       4       javax.swing.text.Utilities::isComposedTextElement (12 bytes)
Event: 2261.453 Thread 0x000002a38127c110 49074       3       sun.java2d.pipe.PixelToParallelogramConverter::drawGeneralLine (641 bytes)
Event: 2261.455 Thread 0x000002a3812819a0 49076       2       javax.swing.text.GlyphView::paint (594 bytes)
Event: 2261.455 Thread 0x000002a3f30d5250 49077       3       javax.swing.text.html.StyleSheet$BoxPainter::paint (311 bytes)
Event: 2261.456 Thread 0x000002a38127c110 nmethod 49074 0x000002a3d65a4410 code [0x000002a3d65a4800, 0x000002a3d65a66c0]
Event: 2261.457 Thread 0x000002a3f30d5250 nmethod 49077 0x000002a3d65a2a10 code [0x000002a3d65a2d00, 0x000002a3d65a3e78]
Event: 2261.457 Thread 0x000002a38127ba40 nmethod 49072% 0x000002a3d659c490 code [0x000002a3d659c980, 0x000002a3d65a0748]
Event: 2261.458 Thread 0x000002a3812819a0 nmethod 49076 0x000002a3d6599b90 code [0x000002a3d6599f40, 0x000002a3d659b428]
Event: 2261.460 Thread 0x000002a3f30d5250 49078   !   3       javax.swing.plaf.basic.BasicTextUI::getMaximumSize (147 bytes)
Event: 2261.460 Thread 0x000002a38127c7e0 nmethod 49068 0x000002a3dee94910 code [0x000002a3dee94ae0, 0x000002a3dee94d58]
Event: 2261.461 Thread 0x000002a3f30d5250 nmethod 49078 0x000002a3d6598590 code [0x000002a3d6598820, 0x000002a3d6599700]
Event: 2261.461 Thread 0x000002a38127c7e0 49075       4       javax.swing.text.html.CSSBorder::paintBorder (355 bytes)
Event: 2261.462 Thread 0x000002a3fe47a660 nmethod 49066 0x000002a3de196210 code [0x000002a3de196460, 0x000002a3de196c98]
Event: 2261.463 Thread 0x000002a3fe47a660 49073       4       java.awt.geom.AffineTransform::deltaTransform (321 bytes)
Event: 2261.466 Thread 0x000002a3fe47b400 nmethod 49059 0x000002a3deb0f010 code [0x000002a3deb0f220, 0x000002a3deb0fb88]
Event: 2261.467 Thread 0x000002a3fe47a660 nmethod 49073 0x000002a3dec28690 code [0x000002a3dec28840, 0x000002a3dec28b30]

GC Heap History (20 events):
Event: 2107.155 GC heap before
{Heap before GC invocations=273 (full 0):
 garbage-first heap   total 806912K, used 734374K [0x0000000604400000, 0x0000000800000000)
  region size 4096K, 110 young (450560K), 5 survivors (20480K)
 Metaspace       used 116635K, committed 118208K, reserved 1179648K
  class space    used 12504K, committed 13248K, reserved 1048576K
}
Event: 2107.159 GC heap after
{Heap after GC invocations=274 (full 0):
 garbage-first heap   total 806912K, used 312185K [0x0000000604400000, 0x0000000800000000)
  region size 4096K, 5 young (20480K), 5 survivors (20480K)
 Metaspace       used 116635K, committed 118208K, reserved 1179648K
  class space    used 12504K, committed 13248K, reserved 1048576K
}
Event: 2107.394 GC heap before
{Heap before GC invocations=274 (full 0):
 garbage-first heap   total 806912K, used 738169K [0x0000000604400000, 0x0000000800000000)
  region size 4096K, 109 young (446464K), 5 survivors (20480K)
 Metaspace       used 116642K, committed 118208K, reserved 1179648K
  class space    used 12504K, committed 13248K, reserved 1048576K
}
Event: 2107.398 GC heap after
{Heap after GC invocations=275 (full 0):
 garbage-first heap   total 806912K, used 317205K [0x0000000604400000, 0x0000000800000000)
  region size 4096K, 5 young (20480K), 5 survivors (20480K)
 Metaspace       used 116642K, committed 118208K, reserved 1179648K
  class space    used 12504K, committed 13248K, reserved 1048576K
}
Event: 2108.461 GC heap before
{Heap before GC invocations=276 (full 0):
 garbage-first heap   total 806912K, used 739093K [0x0000000604400000, 0x0000000800000000)
  region size 4096K, 108 young (442368K), 5 survivors (20480K)
 Metaspace       used 116626K, committed 118144K, reserved 1179648K
  class space    used 12498K, committed 13248K, reserved 1048576K
}
Event: 2108.465 GC heap after
{Heap after GC invocations=277 (full 0):
 garbage-first heap   total 806912K, used 320405K [0x0000000604400000, 0x0000000800000000)
  region size 4096K, 6 young (24576K), 6 survivors (24576K)
 Metaspace       used 116626K, committed 118144K, reserved 1179648K
  class space    used 12498K, committed 13248K, reserved 1048576K
}
Event: 2222.079 GC heap before
{Heap before GC invocations=277 (full 0):
 garbage-first heap   total 806912K, used 734101K [0x0000000604400000, 0x0000000800000000)
  region size 4096K, 107 young (438272K), 6 survivors (24576K)
 Metaspace       used 116719K, committed 118272K, reserved 1179648K
  class space    used 12498K, committed 13248K, reserved 1048576K
}
Event: 2222.085 GC heap after
{Heap after GC invocations=278 (full 0):
 garbage-first heap   total 806912K, used 317118K [0x0000000604400000, 0x0000000800000000)
  region size 4096K, 6 young (24576K), 6 survivors (24576K)
 Metaspace       used 116719K, committed 118272K, reserved 1179648K
  class space    used 12498K, committed 13248K, reserved 1048576K
}
Event: 2241.525 GC heap before
{Heap before GC invocations=278 (full 0):
 garbage-first heap   total 806912K, used 734910K [0x0000000604400000, 0x0000000800000000)
  region size 4096K, 108 young (442368K), 6 survivors (24576K)
 Metaspace       used 116999K, committed 118464K, reserved 1179648K
  class space    used 12528K, committed 13248K, reserved 1048576K
}
Event: 2241.530 GC heap after
{Heap after GC invocations=279 (full 0):
 garbage-first heap   total 806912K, used 320504K [0x0000000604400000, 0x0000000800000000)
  region size 4096K, 7 young (28672K), 7 survivors (28672K)
 Metaspace       used 116999K, committed 118464K, reserved 1179648K
  class space    used 12528K, committed 13248K, reserved 1048576K
}
Event: 2242.627 GC heap before
{Heap before GC invocations=280 (full 0):
 garbage-first heap   total 806912K, used 730104K [0x0000000604400000, 0x0000000800000000)
  region size 4096K, 107 young (438272K), 7 survivors (28672K)
 Metaspace       used 116999K, committed 118464K, reserved 1179648K
  class space    used 12528K, committed 13248K, reserved 1048576K
}
Event: 2242.631 GC heap after
{Heap after GC invocations=281 (full 0):
 garbage-first heap   total 806912K, used 319671K [0x0000000604400000, 0x0000000800000000)
  region size 4096K, 7 young (28672K), 7 survivors (28672K)
 Metaspace       used 116999K, committed 118464K, reserved 1179648K
  class space    used 12528K, committed 13248K, reserved 1048576K
}
Event: 2243.430 GC heap before
{Heap before GC invocations=281 (full 0):
 garbage-first heap   total 806912K, used 729271K [0x0000000604400000, 0x0000000800000000)
  region size 4096K, 107 young (438272K), 7 survivors (28672K)
 Metaspace       used 116999K, committed 118464K, reserved 1179648K
  class space    used 12528K, committed 13248K, reserved 1048576K
}
Event: 2243.435 GC heap after
{Heap after GC invocations=282 (full 0):
 garbage-first heap   total 806912K, used 316630K [0x0000000604400000, 0x0000000800000000)
  region size 4096K, 7 young (28672K), 7 survivors (28672K)
 Metaspace       used 116999K, committed 118464K, reserved 1179648K
  class space    used 12528K, committed 13248K, reserved 1048576K
}
Event: 2248.182 GC heap before
{Heap before GC invocations=282 (full 0):
 garbage-first heap   total 806912K, used 730326K [0x0000000604400000, 0x0000000800000000)
  region size 4096K, 108 young (442368K), 7 survivors (28672K)
 Metaspace       used 119132K, committed 120576K, reserved 1179648K
  class space    used 13273K, committed 13952K, reserved 1048576K
}
Event: 2248.195 GC heap after
{Heap after GC invocations=283 (full 0):
 garbage-first heap   total 827392K, used 381250K [0x0000000604400000, 0x0000000800000000)
  region size 4096K, 14 young (57344K), 14 survivors (57344K)
 Metaspace       used 119132K, committed 120576K, reserved 1179648K
  class space    used 13273K, committed 13952K, reserved 1048576K
}
Event: 2259.017 GC heap before
{Heap before GC invocations=284 (full 0):
 garbage-first heap   total 827392K, used 717122K [0x0000000604400000, 0x0000000800000000)
  region size 4096K, 97 young (397312K), 14 survivors (57344K)
 Metaspace       used 119506K, committed 120960K, reserved 1179648K
  class space    used 13293K, committed 14016K, reserved 1048576K
}
Event: 2259.028 GC heap after
{Heap after GC invocations=285 (full 0):
 garbage-first heap   total 827392K, used 411696K [0x0000000604400000, 0x0000000800000000)
  region size 4096K, 13 young (53248K), 13 survivors (53248K)
 Metaspace       used 119506K, committed 120960K, reserved 1179648K
  class space    used 13293K, committed 14016K, reserved 1048576K
}
Event: 2260.077 GC heap before
{Heap before GC invocations=285 (full 0):
 garbage-first heap   total 827392K, used 718896K [0x0000000604400000, 0x0000000800000000)
  region size 4096K, 88 young (360448K), 13 survivors (53248K)
 Metaspace       used 119658K, committed 121152K, reserved 1179648K
  class space    used 13294K, committed 14016K, reserved 1048576K
}
Event: 2260.085 GC heap after
{Heap after GC invocations=286 (full 0):
 garbage-first heap   total 827392K, used 414993K [0x0000000604400000, 0x0000000800000000)
  region size 4096K, 2 young (8192K), 2 survivors (8192K)
 Metaspace       used 119658K, committed 121152K, reserved 1179648K
  class space    used 13294K, committed 14016K, reserved 1048576K
}

Dll operation events (20 events):
Event: 0.006 Loaded shared library D:\techapps\Cubemx\jre\bin\java.dll
Event: 0.034 Loaded shared library D:\techapps\Cubemx\jre\bin\jsvml.dll
Event: 0.054 Loaded shared library D:\techapps\Cubemx\jre\bin\net.dll
Event: 0.056 Loaded shared library D:\techapps\Cubemx\jre\bin\nio.dll
Event: 0.071 Loaded shared library D:\techapps\Cubemx\jre\bin\zip.dll
Event: 0.091 Loaded shared library D:\techapps\Cubemx\jre\bin\jimage.dll
Event: 0.204 Loaded shared library D:\techapps\Cubemx\jre\bin\management.dll
Event: 0.209 Loaded shared library D:\techapps\Cubemx\jre\bin\management_ext.dll
Event: 0.569 Loaded shared library D:\techapps\Cubemx\jre\bin\awt.dll
Event: 0.773 Loaded shared library D:\techapps\Cubemx\jre\bin\freetype.dll
Event: 0.774 Loaded shared library D:\techapps\Cubemx\jre\bin\fontmanager.dll
Event: 0.888 Loaded shared library D:\techapps\Cubemx\jre\bin\verify.dll
Event: 0.991 Loaded shared library D:\techapps\Cubemx\jre\bin\prefs.dll
Event: 7.715 Loaded shared library D:\techapps\Cubemx\jre\bin\sunmscapi.dll
Event: 7.847 Loaded shared library D:\techapps\Cubemx\jre\bin\extnet.dll
Event: 10.705 Loaded shared library D:\techapps\Cubemx\jre\bin\javajpeg.dll
Event: 10.796 Loaded shared library D:\techapps\Cubemx\jre\bin\lcms.dll
Event: 22.140 Loaded shared library C:\Users\35161\.stm32cubemx\.jxbrowser-7.41.5\Chromium\toolkit64.dll
Event: 22.308 Loaded shared library C:\Users\35161\.stm32cubemx\.jxbrowser-7.41.5\Chromium\ipc64.dll
Event: 26.875 Loaded shared library C:\Users\35161\AppData\Local\Temp\sqlite-3.34.0-e57d4e56-9dc2-4b90-8656-21b2908ec773-sqlitejdbc.dll

Deoptimization events (20 events):
Event: 2261.374 Thread 0x000002a3f30d0440 Uncommon trap: trap_request=0xffffff45 fr.pc=0x000002a3ddee9d9c relative=0x000000000000023c
Event: 2261.374 Thread 0x000002a3f30d0440 Uncommon trap: reason=unstable_if action=reinterpret pc=0x000002a3ddee9d9c method=com.st.components.swing.DefaultCellAttribute.isOutOfBounds(II)Z @ 13 c2
Event: 2261.374 Thread 0x000002a3f30d0440 DEOPT PACKING pc=0x000002a3ddee9d9c sp=0x000000b2e23fdac0
Event: 2261.374 Thread 0x000002a3f30d0440 DEOPT UNPACKING pc=0x000002a3dd7b46a2 sp=0x000000b2e23fda00 mode 2
Event: 2261.404 Thread 0x000002a3f30d0440 Uncommon trap: trap_request=0xffffffde fr.pc=0x000002a3de597808 relative=0x0000000000001968
Event: 2261.404 Thread 0x000002a3f30d0440 Uncommon trap: reason=class_check action=maybe_recompile pc=0x000002a3de597808 method=javax.swing.text.html.CSS.translateEmbeddedAttributes(Ljavax/swing/text/AttributeSet;Ljavax/swing/text/MutableAttributeSet;)V @ 32 c2
Event: 2261.404 Thread 0x000002a3f30d0440 DEOPT PACKING pc=0x000002a3de597808 sp=0x000000b2e23fc350
Event: 2261.404 Thread 0x000002a3f30d0440 DEOPT UNPACKING pc=0x000002a3dd7b46a2 sp=0x000000b2e23fc2e0 mode 2
Event: 2261.404 Thread 0x000002a3f30d0440 Uncommon trap: trap_request=0xffffffde fr.pc=0x000002a3de597808 relative=0x0000000000001968
Event: 2261.404 Thread 0x000002a3f30d0440 Uncommon trap: reason=class_check action=maybe_recompile pc=0x000002a3de597808 method=javax.swing.text.html.CSS.translateEmbeddedAttributes(Ljavax/swing/text/AttributeSet;Ljavax/swing/text/MutableAttributeSet;)V @ 32 c2
Event: 2261.404 Thread 0x000002a3f30d0440 DEOPT PACKING pc=0x000002a3de597808 sp=0x000000b2e23fc3c0
Event: 2261.404 Thread 0x000002a3f30d0440 DEOPT UNPACKING pc=0x000002a3dd7b46a2 sp=0x000000b2e23fc350 mode 2
Event: 2261.447 Thread 0x000002a3f30d0440 Uncommon trap: trap_request=0xffffff45 fr.pc=0x000002a3de788eac relative=0x00000000000000ec
Event: 2261.447 Thread 0x000002a3f30d0440 Uncommon trap: reason=unstable_if action=reinterpret pc=0x000002a3de788eac method=javax.swing.text.html.CSS$LengthUnit.getValue(FLjava/lang/String;Ljava/lang/Boolean;)F @ 4 c2
Event: 2261.447 Thread 0x000002a3f30d0440 DEOPT PACKING pc=0x000002a3de788eac sp=0x000000b2e23fba40
Event: 2261.447 Thread 0x000002a3f30d0440 DEOPT UNPACKING pc=0x000002a3dd7b46a2 sp=0x000000b2e23fb958 mode 2
Event: 2261.449 Thread 0x000002a3f30d0440 Uncommon trap: trap_request=0xffffffde fr.pc=0x000002a3de1b47e8 relative=0x0000000000000548
Event: 2261.449 Thread 0x000002a3f30d0440 Uncommon trap: reason=class_check action=maybe_recompile pc=0x000002a3de1b47e8 method=sun.java2d.SunGraphics2D.drawOval(IIII)V @ 10 c2
Event: 2261.449 Thread 0x000002a3f30d0440 DEOPT PACKING pc=0x000002a3de1b47e8 sp=0x000000b2e23fb530
Event: 2261.449 Thread 0x000002a3f30d0440 DEOPT UNPACKING pc=0x000002a3dd7b46a2 sp=0x000000b2e23fb500 mode 2

Classes loaded (20 events):
Event: 2261.164 Loading class sun/text/resources/BreakIteratorResources
Event: 2261.164 Loading class sun/util/resources/BreakIteratorResourceBundle
Event: 2261.164 Loading class sun/util/resources/BreakIteratorResourceBundle done
Event: 2261.164 Loading class sun/text/resources/BreakIteratorResources done
Event: 2261.166 Loading class sun/text/RuleBasedBreakIterator
Event: 2261.166 Loading class sun/text/RuleBasedBreakIterator done
Event: 2261.168 Loading class sun/text/CompactByteArray
Event: 2261.168 Loading class sun/text/CompactByteArray done
Event: 2261.168 Loading class sun/text/SupplementaryCharacterData
Event: 2261.168 Loading class sun/text/SupplementaryCharacterData done
Event: 2261.168 Loading class java/text/BreakIterator$BreakIteratorCache
Event: 2261.168 Loading class java/text/BreakIterator$BreakIteratorCache done
Event: 2261.172 Loading class javax/swing/text/html/ImageView$1
Event: 2261.172 Loading class javax/swing/text/html/ImageView$1 done
Event: 2261.341 Loading class sun/java2d/pipe/RegionClipSpanIterator
Event: 2261.341 Loading class sun/java2d/pipe/RegionClipSpanIterator done
Event: 2261.346 Loading class java/awt/Polygon$PolygonPathIterator
Event: 2261.346 Loading class java/awt/Polygon$PolygonPathIterator done
Event: 2261.372 Loading class java/awt/Component$2
Event: 2261.372 Loading class java/awt/Component$2 done

Classes unloaded (20 events):
Event: 1860.548 Thread 0x000002a3f301f500 Unloading class 0x0000000800c999d8 'com/st/stm32cube/ide/common/services/mx/jar/core/mx/plugin/PlugInInstaller$PlugInRoot'
Event: 1860.548 Thread 0x000002a3f301f500 Unloading class 0x0000000800c997a0 'com/st/stm32cube/ide/common/services/mx/jar/core/mx/plugin/PlugInInstaller'
Event: 1860.548 Thread 0x000002a3f301f500 Unloading class 0x0000000800c994c8 'com/st/stm32cube/ide/common/services/mx/jar/core/mx/plugin/PlugIn'
Event: 1860.548 Thread 0x000002a3f301f500 Unloading class 0x0000000800c991f8 'com/st/stm32cube/ide/common/services/mx/jar/core/mx/plugin/PlugInAbstract'
Event: 1860.548 Thread 0x000002a3f301f500 Unloading class 0x0000000800c99000 'com/st/stm32cube/ide/common/services/mx/jar/core/mx/plugin/PlugInInterface'
Event: 2094.258 Thread 0x000002a3f301f500 Unloading class 0x0000000800cdc9d8 'com/st/stm32cube/ide/common/services/mx/jar/core/mx/plugin/PlugInInstaller$PlugInRoot'
Event: 2094.258 Thread 0x000002a3f301f500 Unloading class 0x0000000800cdc7a0 'com/st/stm32cube/ide/common/services/mx/jar/core/mx/plugin/PlugInInstaller'
Event: 2094.258 Thread 0x000002a3f301f500 Unloading class 0x0000000800cdc4c8 'com/st/stm32cube/ide/common/services/mx/jar/core/mx/plugin/PlugIn'
Event: 2094.258 Thread 0x000002a3f301f500 Unloading class 0x0000000800cdc1f8 'com/st/stm32cube/ide/common/services/mx/jar/core/mx/plugin/PlugInAbstract'
Event: 2094.258 Thread 0x000002a3f301f500 Unloading class 0x0000000800cdc000 'com/st/stm32cube/ide/common/services/mx/jar/core/mx/plugin/PlugInInterface'
Event: 2107.436 Thread 0x000002a3f301f500 Unloading class 0x0000000800cdf7e0 'com/st/stm32cube/ide/common/services/mx/jar/core/mx/plugin/PlugInInstaller$PlugInRoot'
Event: 2107.436 Thread 0x000002a3f301f500 Unloading class 0x0000000800cdf5a8 'com/st/stm32cube/ide/common/services/mx/jar/core/mx/plugin/PlugInInstaller'
Event: 2107.436 Thread 0x000002a3f301f500 Unloading class 0x0000000800cdf2d0 'com/st/stm32cube/ide/common/services/mx/jar/core/mx/plugin/PlugIn'
Event: 2107.436 Thread 0x000002a3f301f500 Unloading class 0x0000000800cdf000 'com/st/stm32cube/ide/common/services/mx/jar/core/mx/plugin/PlugInAbstract'
Event: 2107.436 Thread 0x000002a3f301f500 Unloading class 0x0000000800cdec00 'com/st/stm32cube/ide/common/services/mx/jar/core/mx/plugin/PlugInInterface'
Event: 2107.436 Thread 0x000002a3f301f500 Unloading class 0x0000000800cdd9d8 'com/st/stm32cube/ide/common/services/mx/jar/core/mx/plugin/PlugInInstaller$PlugInRoot'
Event: 2107.436 Thread 0x000002a3f301f500 Unloading class 0x0000000800cdd7a0 'com/st/stm32cube/ide/common/services/mx/jar/core/mx/plugin/PlugInInstaller'
Event: 2107.436 Thread 0x000002a3f301f500 Unloading class 0x0000000800cdd4c8 'com/st/stm32cube/ide/common/services/mx/jar/core/mx/plugin/PlugIn'
Event: 2107.436 Thread 0x000002a3f301f500 Unloading class 0x0000000800cdd1f8 'com/st/stm32cube/ide/common/services/mx/jar/core/mx/plugin/PlugInAbstract'
Event: 2107.436 Thread 0x000002a3f301f500 Unloading class 0x0000000800cdd000 'com/st/stm32cube/ide/common/services/mx/jar/core/mx/plugin/PlugInInterface'

Classes redefined (0 events):
No events

Internal exceptions (20 events):
Event: 2259.933 Thread 0x000002a3f30d0440 Exception <a 'java/io/IOException'{0x000000062881d650}> (0x000000062881d650) 
thrown [s\src\hotspot\share\prims\jni.cpp, line 520]
Event: 2259.933 Thread 0x000002a3f30d0440 Exception <a 'java/io/IOException'{0x000000062881dec0}> (0x000000062881dec0) 
thrown [s\src\hotspot\share\prims\jni.cpp, line 520]
Event: 2259.933 Thread 0x000002a3f30d0440 Exception <a 'java/io/IOException'{0x0000000628845688}> (0x0000000628845688) 
thrown [s\src\hotspot\share\prims\jni.cpp, line 520]
Event: 2259.933 Thread 0x000002a3f30d0440 Exception <a 'java/io/IOException'{0x0000000628845ef8}> (0x0000000628845ef8) 
thrown [s\src\hotspot\share\prims\jni.cpp, line 520]
Event: 2260.090 Thread 0x000002a3f30d0440 Exception <a 'java/io/IOException'{0x000000063572f498}> (0x000000063572f498) 
thrown [s\src\hotspot\share\prims\jni.cpp, line 520]
Event: 2260.090 Thread 0x000002a3f30d0440 Exception <a 'java/io/IOException'{0x000000063572fd08}> (0x000000063572fd08) 
thrown [s\src\hotspot\share\prims\jni.cpp, line 520]
Event: 2260.090 Thread 0x000002a3f30d0440 Exception <a 'java/io/IOException'{0x0000000635730df8}> (0x0000000635730df8) 
thrown [s\src\hotspot\share\prims\jni.cpp, line 520]
Event: 2260.090 Thread 0x000002a3f30d0440 Exception <a 'java/io/IOException'{0x0000000635731668}> (0x0000000635731668) 
thrown [s\src\hotspot\share\prims\jni.cpp, line 520]
Event: 2260.092 Thread 0x000002a3f30d0440 Exception <a 'java/io/IOException'{0x0000000635757260}> (0x0000000635757260) 
thrown [s\src\hotspot\share\prims\jni.cpp, line 520]
Event: 2260.092 Thread 0x000002a3f30d0440 Exception <a 'java/io/IOException'{0x0000000635757ad0}> (0x0000000635757ad0) 
thrown [s\src\hotspot\share\prims\jni.cpp, line 520]
Event: 2260.092 Thread 0x000002a3f30d0440 Exception <a 'java/io/IOException'{0x0000000635758bd0}> (0x0000000635758bd0) 
thrown [s\src\hotspot\share\prims\jni.cpp, line 520]
Event: 2260.092 Thread 0x000002a3f30d0440 Exception <a 'java/io/IOException'{0x0000000635759440}> (0x0000000635759440) 
thrown [s\src\hotspot\share\prims\jni.cpp, line 520]
Event: 2260.092 Thread 0x000002a3f30d0440 Exception <a 'java/io/IOException'{0x000000063575a538}> (0x000000063575a538) 
thrown [s\src\hotspot\share\prims\jni.cpp, line 520]
Event: 2260.092 Thread 0x000002a3f30d0440 Exception <a 'java/io/IOException'{0x000000063575ada8}> (0x000000063575ada8) 
thrown [s\src\hotspot\share\prims\jni.cpp, line 520]
Event: 2260.503 Thread 0x000002a3f30d0440 Exception <a 'java/io/IOException'{0x000000062584e400}> (0x000000062584e400) 
thrown [s\src\hotspot\share\prims\jni.cpp, line 520]
Event: 2260.503 Thread 0x000002a3f30d0440 Exception <a 'java/io/IOException'{0x000000062584ec70}> (0x000000062584ec70) 
thrown [s\src\hotspot\share\prims\jni.cpp, line 520]
Event: 2260.527 Thread 0x000002a3f30d0440 Exception <a 'java/io/IOException'{0x0000000625725cc8}> (0x0000000625725cc8) 
thrown [s\src\hotspot\share\prims\jni.cpp, line 520]
Event: 2260.527 Thread 0x000002a3f30d0440 Exception <a 'java/io/IOException'{0x0000000625726538}> (0x0000000625726538) 
thrown [s\src\hotspot\share\prims\jni.cpp, line 520]
Event: 2260.869 Thread 0x000002a3f30d0440 Implicit null exception at 0x000002a3de7318b2 to 0x000002a3de73191c
Event: 2261.118 Thread 0x000002a3f30d0440 Implicit null exception at 0x000002a3deabe1bd to 0x000002a3deabe8f4

ZGC Phase Switch (0 events):
No events

VM Operations (20 events):
Event: 2260.029 Executing VM operation: Cleanup
Event: 2260.029 Executing VM operation: Cleanup done
Event: 2260.077 Executing VM operation: G1CollectForAllocation (G1 Evacuation Pause)
Event: 2260.085 Executing VM operation: G1CollectForAllocation (G1 Evacuation Pause) done
Event: 2261.089 Executing VM operation: Cleanup
Event: 2261.089 Executing VM operation: Cleanup done
Event: 2261.107 Executing VM operation: HandshakeAllThreads (Deoptimize)
Event: 2261.107 Executing VM operation: HandshakeAllThreads (Deoptimize) done
Event: 2261.114 Executing VM operation: HandshakeAllThreads (Deoptimize)
Event: 2261.114 Executing VM operation: HandshakeAllThreads (Deoptimize) done
Event: 2261.117 Executing VM operation: HandshakeAllThreads (Deoptimize)
Event: 2261.117 Executing VM operation: HandshakeAllThreads (Deoptimize) done
Event: 2261.122 Executing VM operation: HandshakeAllThreads (Deoptimize)
Event: 2261.122 Executing VM operation: HandshakeAllThreads (Deoptimize) done
Event: 2261.167 Executing VM operation: HandshakeAllThreads (Deoptimize)
Event: 2261.167 Executing VM operation: HandshakeAllThreads (Deoptimize) done
Event: 2261.343 Executing VM operation: HandshakeAllThreads (Deoptimize)
Event: 2261.343 Executing VM operation: HandshakeAllThreads (Deoptimize) done
Event: 2261.353 Executing VM operation: ICBufferFull
Event: 2261.353 Executing VM operation: ICBufferFull done

Events (20 events):
Event: 2259.232 Thread 0x000002a38127dc50 Thread exited: 0x000002a38127dc50
Event: 2259.274 Thread 0x000002a38127e320 Thread added: 0x000002a38127e320
Event: 2259.274 Thread 0x000002a381282070 Thread added: 0x000002a381282070
Event: 2259.723 Thread 0x000002a38127c110 Thread added: 0x000002a38127c110
Event: 2259.740 Thread 0x000002a3812819a0 Thread added: 0x000002a3812819a0
Event: 2259.740 Thread 0x000002a38127ba40 Thread added: 0x000002a38127ba40
Event: 2259.777 Thread 0x000002a381282070 Thread exited: 0x000002a381282070
Event: 2260.090 Thread 0x000002a38127e320 Thread exited: 0x000002a38127e320
Event: 2260.247 Thread 0x000002a38127e320 Thread added: 0x000002a38127e320
Event: 2260.281 Thread 0x000002a381282070 Thread added: 0x000002a381282070
Event: 2260.358 Thread 0x000002a38127c7e0 Thread added: 0x000002a38127c7e0
Event: 2260.358 Thread 0x000002a38127dc50 Thread added: 0x000002a38127dc50
Event: 2260.681 Thread 0x000002a38127dc50 Thread exited: 0x000002a38127dc50
Event: 2260.681 Thread 0x000002a38127c7e0 Thread exited: 0x000002a38127c7e0
Event: 2261.095 Thread 0x000002a38127f0c0 Thread added: 0x000002a38127f0c0
Event: 2261.096 Thread 0x000002a38127c7e0 Thread added: 0x000002a38127c7e0
Event: 2261.104 Thread 0x000002a38127dc50 Thread added: 0x000002a38127dc50
Event: 2261.134 Thread 0x000002a3fe47b400 Thread added: 0x000002a3fe47b400
Event: 2261.171 Thread 0x000002a3fe7ad250 Thread added: 0x000002a3fe7ad250
Event: 2261.180 Thread 0x000002a3fe47a660 Thread added: 0x000002a3fe47a660


Dynamic libraries:
0x00007ff703400000 - 0x00007ff70340e000 	D:\techapps\Cubemx\jre\bin\javaw.exe
0x00007ffbdaeb0000 - 0x00007ffbdb0c7000 	C:\Windows\SYSTEM32\ntdll.dll
0x00007ffbd9c80000 - 0x00007ffbd9d44000 	C:\Windows\System32\KERNEL32.DLL
0x00007ffbd8090000 - 0x00007ffbd8461000 	C:\Windows\System32\KERNELBASE.dll
0x00007ffbd8a60000 - 0x00007ffbd8b71000 	C:\Windows\System32\ucrtbase.dll
0x00007ffbbb860000 - 0x00007ffbbb878000 	D:\techapps\Cubemx\jre\bin\jli.dll
0x00007ffbbb840000 - 0x00007ffbbb85b000 	D:\techapps\Cubemx\jre\bin\VCRUNTIME140.dll
0x00007ffbd90d0000 - 0x00007ffbd9281000 	C:\Windows\System32\USER32.dll
0x00007ffbd85e0000 - 0x00007ffbd8606000 	C:\Windows\System32\win32u.dll
0x00007ffbdad70000 - 0x00007ffbdad99000 	C:\Windows\System32\GDI32.dll
0x00007ffbd8840000 - 0x00007ffbd895b000 	C:\Windows\System32\gdi32full.dll
0x00007ffbd7ff0000 - 0x00007ffbd808a000 	C:\Windows\System32\msvcp_win.dll
0x00007ffbb4cf0000 - 0x00007ffbb4f82000 	C:\Windows\WinSxS\amd64_microsoft.windows.common-controls_6595b64144ccf1df_6.0.22621.4830_none_270fe7d773858e80\COMCTL32.dll
0x00007ffbdab30000 - 0x00007ffbdabd7000 	C:\Windows\System32\msvcrt.dll
0x00007ffbd9f70000 - 0x00007ffbd9fa1000 	C:\Windows\System32\IMM32.DLL
0x00007ffbc97e0000 - 0x00007ffbc97ec000 	D:\techapps\Cubemx\jre\bin\vcruntime140_1.dll
0x00007ffb70770000 - 0x00007ffb707fe000 	D:\techapps\Cubemx\jre\bin\msvcp140.dll
0x00007ffb08fc0000 - 0x00007ffb09d42000 	D:\techapps\Cubemx\jre\bin\server\jvm.dll
0x00007ffbd9000000 - 0x00007ffbd90b1000 	C:\Windows\System32\ADVAPI32.dll
0x00007ffbdabe0000 - 0x00007ffbdac87000 	C:\Windows\System32\sechost.dll
0x00007ffbd8470000 - 0x00007ffbd8498000 	C:\Windows\System32\bcrypt.dll
0x00007ffbda270000 - 0x00007ffbda384000 	C:\Windows\System32\RPCRT4.dll
0x00007ffbda040000 - 0x00007ffbda0b1000 	C:\Windows\System32\WS2_32.dll
0x00007ffbd6e60000 - 0x00007ffbd6ead000 	C:\Windows\SYSTEM32\POWRPROF.dll
0x00007ffbccdd0000 - 0x00007ffbccdda000 	C:\Windows\SYSTEM32\VERSION.dll
0x00007ffbcce80000 - 0x00007ffbcceb4000 	C:\Windows\SYSTEM32\WINMM.dll
0x00007ffbd6e40000 - 0x00007ffbd6e53000 	C:\Windows\SYSTEM32\UMPDC.dll
0x00007ffbd70f0000 - 0x00007ffbd7108000 	C:\Windows\SYSTEM32\kernel.appcore.dll
0x00007ffbc82d0000 - 0x00007ffbc82da000 	D:\techapps\Cubemx\jre\bin\jimage.dll
0x00007ffbd59d0000 - 0x00007ffbd5c02000 	C:\Windows\SYSTEM32\DBGHELP.DLL
0x00007ffbda720000 - 0x00007ffbdaab0000 	C:\Windows\System32\combase.dll
0x00007ffbdac90000 - 0x00007ffbdad67000 	C:\Windows\System32\OLEAUT32.dll
0x00007ffbca690000 - 0x00007ffbca6c2000 	C:\Windows\SYSTEM32\dbgcore.DLL
0x00007ffbd8960000 - 0x00007ffbd89db000 	C:\Windows\System32\bcryptPrimitives.dll
0x00007ffb99ee0000 - 0x00007ffb99eff000 	D:\techapps\Cubemx\jre\bin\java.dll
0x00007ffbd93f0000 - 0x00007ffbd9c78000 	C:\Windows\System32\SHELL32.dll
0x00007ffbd84a0000 - 0x00007ffbd85df000 	C:\Windows\System32\wintypes.dll
0x00007ffbd5f10000 - 0x00007ffbd681d000 	C:\Windows\SYSTEM32\windows.storage.dll
0x00007ffbd9e60000 - 0x00007ffbd9f6a000 	C:\Windows\System32\SHCORE.dll
0x00007ffbda460000 - 0x00007ffbda4be000 	C:\Windows\System32\shlwapi.dll
0x00007ffbd7f20000 - 0x00007ffbd7f4b000 	C:\Windows\SYSTEM32\profapi.dll
0x00007ffb6e8c0000 - 0x00007ffb6e997000 	D:\techapps\Cubemx\jre\bin\jsvml.dll
0x00007ffbbe370000 - 0x00007ffbbe380000 	D:\techapps\Cubemx\jre\bin\net.dll
0x00007ffbcdf60000 - 0x00007ffbce08c000 	C:\Windows\SYSTEM32\WINHTTP.dll
0x00007ffbd7550000 - 0x00007ffbd75ba000 	C:\Windows\system32\mswsock.dll
0x00007ffb99b50000 - 0x00007ffb99b66000 	D:\techapps\Cubemx\jre\bin\nio.dll
0x00007ffb99a60000 - 0x00007ffb99a78000 	D:\techapps\Cubemx\jre\bin\zip.dll
0x00007ffbbd180000 - 0x00007ffbbd18a000 	D:\techapps\Cubemx\jre\bin\management.dll
0x00007ffbbb460000 - 0x00007ffbbb46b000 	D:\techapps\Cubemx\jre\bin\management_ext.dll
0x00007ffbd9fb0000 - 0x00007ffbd9fb8000 	C:\Windows\System32\PSAPI.DLL
0x00007ffba5890000 - 0x00007ffba58a7000 	C:\Windows\system32\napinsp.dll
0x00007ffba5870000 - 0x00007ffba588b000 	C:\Windows\system32\pnrpnsp.dll
0x00007ffbd6bb0000 - 0x00007ffbd6cb2000 	C:\Windows\SYSTEM32\DNSAPI.dll
0x00007ffbd6b30000 - 0x00007ffbd6b5d000 	C:\Windows\SYSTEM32\IPHLPAPI.DLL
0x00007ffbd9fe0000 - 0x00007ffbd9fe9000 	C:\Windows\System32\NSI.dll
0x00007ffba5770000 - 0x00007ffba5781000 	C:\Windows\System32\winrnr.dll
0x00007ffba4b20000 - 0x00007ffba4b35000 	C:\Windows\system32\wshbth.dll
0x00007ffba2240000 - 0x00007ffba2267000 	C:\Windows\system32\nlansp_c.dll
0x0000000053a10000 - 0x0000000053a36000 	C:\Program Files\Bonjour\mdnsNSP.dll
0x0000000063560000 - 0x0000000063569000 	C:\Program Files\National Instruments\Shared\mDNS Responder\nimdnsNSP.dll
0x0000000063550000 - 0x000000006355e000 	C:\Windows\SYSTEM32\nimdnsResponder.dll
0x0000000053960000 - 0x0000000053a03000 	C:\Windows\WinSxS\amd64_microsoft.vc90.crt_1fc8b3b9a1e18e3b_9.0.30729.9635_none_08e2c157a83ed5da\MSVCR90.dll
0x00007ffbccfd0000 - 0x00007ffbccfda000 	C:\Windows\System32\rasadhlp.dll
0x00007ffbc6a40000 - 0x00007ffbc6ac3000 	C:\Windows\System32\fwpuclnt.dll
0x00007ffb0ba30000 - 0x00007ffb0bbbe000 	D:\techapps\Cubemx\jre\bin\awt.dll
0x00007ffbd26b0000 - 0x00007ffbd2747000 	C:\Windows\SYSTEM32\apphelp.dll
0x00007ffbd7840000 - 0x00007ffbd785b000 	C:\Windows\SYSTEM32\CRYPTSP.dll
0x00007ffbd7050000 - 0x00007ffbd7087000 	C:\Windows\system32\rsaenh.dll
0x00007ffbd75f0000 - 0x00007ffbd7618000 	C:\Windows\SYSTEM32\USERENV.dll
0x00007ffbd7750000 - 0x00007ffbd775c000 	C:\Windows\SYSTEM32\CRYPTBASE.dll
0x00007ffbd2960000 - 0x00007ffbd2a13000 	C:\Windows\system32\uxtheme.dll
0x00007ffbd9290000 - 0x00007ffbd93ed000 	C:\Windows\System32\MSCTF.dll
0x00007ffbda0c0000 - 0x00007ffbda261000 	C:\Windows\System32\ole32.dll
0x00007ffbd2bf0000 - 0x00007ffbd2c1b000 	C:\Windows\system32\DWMAPI.DLL
0x00007ffb5dc60000 - 0x00007ffb5dd60000 	C:\Windows\system32\opengl32.dll
0x00007ffb5dc30000 - 0x00007ffb5dc5d000 	C:\Windows\SYSTEM32\GLU32.dll
0x00007ffbd2c60000 - 0x00007ffbd2c97000 	C:\Windows\SYSTEM32\dxcore.dll
0x00007ffb62b60000 - 0x00007ffb62be7000 	D:\techapps\Cubemx\jre\bin\freetype.dll
0x00007ffb4c5f0000 - 0x00007ffb4c6d2000 	D:\techapps\Cubemx\jre\bin\fontmanager.dll
0x00007ffbd2c20000 - 0x00007ffbd2c2d000 	C:\Windows\SYSTEM32\WINNSI.DLL
0x00007ffbbb0f0000 - 0x00007ffbbb100000 	D:\techapps\Cubemx\jre\bin\verify.dll
0x00007ffba82d0000 - 0x00007ffba82d9000 	D:\techapps\Cubemx\jre\bin\prefs.dll
0x00007ffb9ee10000 - 0x00007ffb9ee1e000 	D:\techapps\Cubemx\jre\bin\sunmscapi.dll
0x00007ffbd86d0000 - 0x00007ffbd8836000 	C:\Windows\System32\CRYPT32.dll
0x00007ffbd7990000 - 0x00007ffbd79bd000 	C:\Windows\SYSTEM32\ncrypt.dll
0x00007ffbd7950000 - 0x00007ffbd7987000 	C:\Windows\SYSTEM32\NTASN1.dll
0x00007ffbd7c90000 - 0x00007ffbd7ca2000 	C:\Windows\SYSTEM32\MSASN1.dll
0x00007ffbd75c0000 - 0x00007ffbd75e6000 	C:\Windows\SYSTEM32\gpapi.dll
0x00007ffbb6200000 - 0x00007ffbb626a000 	C:\Windows\system32\ncryptprov.dll
0x00007ffb9e0a0000 - 0x00007ffb9e0a9000 	D:\techapps\Cubemx\jre\bin\extnet.dll
0x00007ffb954d0000 - 0x00007ffb954fe000 	D:\techapps\Cubemx\jre\bin\javajpeg.dll
0x00007ffb8d3e0000 - 0x00007ffb8d420000 	D:\techapps\Cubemx\jre\bin\lcms.dll
0x00007ffbdada0000 - 0x00007ffbdae50000 	C:\Windows\System32\clbcatq.dll
0x00007ffbd2770000 - 0x00007ffbd2920000 	C:\Windows\SYSTEM32\WindowsCodecs.dll
0x00007ffb6f740000 - 0x00007ffb6f79e000 	C:\Windows\system32\dataexchange.dll
0x00007ffbcda90000 - 0x00007ffbcdd35000 	C:\Windows\system32\twinapi.appcore.dll
0x00007ffb95c00000 - 0x00007ffb95d43000 	C:\Windows\SYSTEM32\textinputframework.dll
0x00007ffb2a7e0000 - 0x00007ffb2a8f4000 	C:\Users\35161\.stm32cubemx\.jxbrowser-7.41.5\Chromium\toolkit64.dll
0x00007ffb08eb0000 - 0x00007ffb08fbd000 	C:\Users\35161\.stm32cubemx\.jxbrowser-7.41.5\Chromium\ipc64.dll
0x00007ffbd7200000 - 0x00007ffbd7234000 	C:\Windows\SYSTEM32\ntmarta.dll
0x00007ffbd23c0000 - 0x00007ffbd24f5000 	C:\Windows\SYSTEM32\CoreMessaging.dll
0x00007ffbcf740000 - 0x00007ffbcfaac000 	C:\Windows\SYSTEM32\CoreUIComponents.dll
0x0000000067740000 - 0x0000000067818000 	C:\Users\35161\AppData\Local\Temp\sqlite-3.34.0-e57d4e56-9dc2-4b90-8656-21b2908ec773-sqlitejdbc.dll
0x00007ffbbec80000 - 0x00007ffbbeca5000 	C:\Program Files (x86)\Samsung\Easy Printer Manager\SmartScreenPrint\CDAKEYMonitor64.dll
0x00007ffbd6eb0000 - 0x00007ffbd6ec4000 	C:\Windows\system32\Wtsapi32.dll
0x00007ffbd6a80000 - 0x00007ffbd6aec000 	C:\Windows\SYSTEM32\WINSTA.dll
0x00007ffbd0960000 - 0x00007ffbd0a66000 	C:\Windows\SYSTEM32\PROPSYS.dll
0x00007ffbca8d0000 - 0x00007ffbcaa0d000 	C:\Windows\System32\Windows.System.Launcher.dll
0x00007ffbd0c20000 - 0x00007ffbd0cb3000 	C:\Windows\System32\msvcp110_win.dll
0x00007ffbca730000 - 0x00007ffbca74a000 	C:\Windows\SYSTEM32\windows.staterepositorycore.dll
0x00007ffb956e0000 - 0x00007ffb95799000 	C:\Windows\System32\Windows.FileExplorer.Common.dll
0x00007ffbd7ce0000 - 0x00007ffbd7d2e000 	C:\Windows\SYSTEM32\CFGMGR32.dll
0x00007ffb95a50000 - 0x00007ffb95b3b000 	C:\Windows\System32\Windows.StateRepositoryPS.dll
0x00007ffbca6f0000 - 0x00007ffbca72d000 	C:\Windows\SYSTEM32\windows.staterepositoryclient.dll
0x00007ffb944c0000 - 0x00007ffb944e8000 	C:\Windows\SYSTEM32\edputil.dll
0x00007ffb8b820000 - 0x00007ffb8ba15000 	C:\Windows\SYSTEM32\urlmon.dll
0x00007ffbd6a70000 - 0x00007ffbd6a7c000 	C:\Windows\SYSTEM32\netutils.dll
0x00007ffb9b1d0000 - 0x00007ffb9b48f000 	C:\Windows\SYSTEM32\iertutil.dll
0x00007ffbb6390000 - 0x00007ffbb63b8000 	C:\Windows\SYSTEM32\srvcli.dll
0x00007ffbb6680000 - 0x00007ffbb66ad000 	C:\Windows\System32\cldapi.dll
0x00007ffbd7350000 - 0x00007ffbd7393000 	C:\Windows\SYSTEM32\SspiCli.dll
0x00007ffbc7190000 - 0x00007ffbc71a6000 	C:\Windows\SYSTEM32\virtdisk.dll
0x00007ffbd77e0000 - 0x00007ffbd782a000 	C:\Windows\SYSTEM32\Wldp.dll
0x00007ffb778c0000 - 0x00007ffb77972000 	C:\Windows\System32\appresolver.dll
0x00007ffbc9d30000 - 0x00007ffbc9d90000 	C:\Windows\System32\Bcp47Langs.dll
0x00007ffbcd1f0000 - 0x00007ffbcd820000 	C:\Windows\System32\OneCoreUAPCommonProxyStub.dll

dbghelp: loaded successfully - version: 4.0.5 - missing functions: none
symbol engine: initialized successfully - sym options: 0x614 - pdb path: .;D:\techapps\Cubemx\jre\bin;C:\Windows\SYSTEM32;C:\Windows\WinSxS\amd64_microsoft.windows.common-controls_6595b64144ccf1df_6.0.22621.4830_none_270fe7d773858e80;D:\techapps\Cubemx\jre\bin\server;C:\Program Files\Bonjour;C:\Program Files\National Instruments\Shared\mDNS Responder;C:\Windows\WinSxS\amd64_microsoft.vc90.crt_1fc8b3b9a1e18e3b_9.0.30729.9635_none_08e2c157a83ed5da;C:\Users\35161\.stm32cubemx\.jxbrowser-7.41.5\Chromium;C:\Users\35161\AppData\Local\Temp;C:\Program Files (x86)\Samsung\Easy Printer Manager\SmartScreenPrint

VM Arguments:
jvm_args: -Dfile.encoding=UTF-8 -Djavax.net.ssl.trustStoreType=WINDOWS-ROOT -Dsun.java2d.d3d=false 
java_command: com.st.microxplorer.maingui.STM32CubeMX D:\stmproject\dragonproject\work\F407VGT6\origin\origin.ioc
java_class_path (initial): D:\techapps\Cubemx\STM32CubeMX.exe;anything
Launcher Type: SUN_STANDARD

[Global flags]
     intx CICompilerCount                          = 12                                        {product} {ergonomic}
     uint ConcGCThreads                            = 4                                         {product} {ergonomic}
     uint G1ConcRefinementThreads                  = 15                                        {product} {ergonomic}
   size_t G1HeapRegionSize                         = 4194304                                   {product} {ergonomic}
    uintx GCDrainStackTargetSize                   = 64                                        {product} {ergonomic}
   size_t InitialHeapSize                          = 532676608                                 {product} {ergonomic}
   size_t MarkStackSize                            = 4194304                                   {product} {ergonomic}
   size_t MaxHeapSize                              = 8518631424                                {product} {ergonomic}
   size_t MaxNewSize                               = 5108662272                                {product} {ergonomic}
   size_t MinHeapDeltaBytes                        = 4194304                                   {product} {ergonomic}
   size_t MinHeapSize                              = 8388608                                   {product} {ergonomic}
    uintx NonNMethodCodeHeapSize                   = 7602480                                {pd product} {ergonomic}
    uintx NonProfiledCodeHeapSize                  = 122027880                              {pd product} {ergonomic}
    uintx ProfiledCodeHeapSize                     = 122027880                              {pd product} {ergonomic}
    uintx ReservedCodeCacheSize                    = 251658240                              {pd product} {ergonomic}
     bool SegmentedCodeCache                       = true                                      {product} {ergonomic}
   size_t SoftMaxHeapSize                          = 8518631424                             {manageable} {ergonomic}
     bool UseCompressedOops                        = true                           {product lp64_product} {ergonomic}
     bool UseG1GC                                  = true                                      {product} {ergonomic}
     bool UseLargePagesIndividualAllocation        = false                                  {pd product} {ergonomic}

Logging:
Log output configuration:
 #0: stdout all=warning uptime,level,tags foldmultilines=false
 #1: stderr all=off uptime,level,tags foldmultilines=false

Environment Variables:
JAVA_TOOL_OPTIONS=-Dfile.encoding=UTF-8
PATH=D:\techapps\Cubemx\;C:\Program Files\Common Files\Oracle\Java\javapath;D:\configuration\python312\Scripts\;D:\configuration\python312\;D:\programmming\linunxapps\bin\;C:\Windows\system32;C:\Windows;C:\Windows\System32\Wbem;C:\Windows\System32\WindowsPowerShell\v1.0\;C:\Windows\System32\OpenSSH\;C:\Program Files (x86)\NVIDIA Corporation\PhysX\Common;C:\Program Files (x86)\pcsuite\;D:\sundries\matlabtrue\runtime\win64;D:\sundries\matlabtrue\bin;D:\programmming\xshell\;D:\programmming\xftpaxshell\xftp\;C:\Program Files\Microsoft SQL Server\150\Tools\Binn\;C:\Program Files\Microsoft SQL Server\Client SDK\ODBC\170\Tools\Binn\;C:\Program Files (x86)\Windows Kits\10\Windows Performance Toolkit\;C:\Program Files\dotnet\;C:\Program Files\NVIDIA Corporation\NVIDIA NvDLISR;C:\Users\35161\.conda\envs\dopencv\Scripts;D:\Anaconda;D:\Anaconda\Scripts;D:\Anaconda\Library\bin;D:\condaenv\dopencv\Scripts;C:\Program Files (x86)\STMicroelectronics\STM32 ST-LINK Utility\ST-LINK Utility;C:\Program Files (x86)\Microsoft SQL Server\150\Tools\Binn\;C:\Program Files\Microsoft SQL Server\150\DTS\Binn\;C:\Program Files (x86)\Windows Kits\8.1\Windows Performance Toolkit\;C:\MinGW\bin;D:\configuration\maven\apache-maven-3.9.9\bin;C:\Program Files\Git\cmd;D:\VISION\raspberry\\putty\;D:\programmming\NodeJS\;D:\Anaconda3\Anaconda;D:\Anaconda3\Anaconda\Library\mingw-w64\bin;D:\Anaconda3\Anaconda\Library\usr\bin;D:\Anaconda3\Anaconda\Library\bin;D:\Anaconda3\Anaconda\Scripts;C:\Users\35161\AppData\Local\Microsoft\WindowsApps;C:\Users\35161\.dotnet\tools;D:\techapps\Pycharm\pycharm\PyCharm Community Edition 2024.2\bin;D:\vscode\Microsoft VS Code\bin;D:\programmming\WebStorm\WebStorm 2024.3\bin;C:\MinGW\bin;D:\programmming\WebStorm\plugins\node.js;C:\Users\35161\AppData\Local\gitkraken\bin;D:\techapps\Quartus\licence\questa_fse\win64;C:\Users\35161\AppData\Roaming\npm;D:\techapps\Cubemx\.\jre\\bin
USERNAME=35161
OS=Windows_NT
PROCESSOR_IDENTIFIER=Intel64 Family 6 Model 186 Stepping 2, GenuineIntel
TMP=C:\Users\35161\AppData\Local\Temp
TEMP=C:\Users\35161\AppData\Local\Temp




Periodic native trim disabled

---------------  S Y S T E M  ---------------

OS:
 Windows 11 , 64 bit Build 22621 (10.0.22621.4974)
OS uptime: 0 days 9:37 hours
Hyper-V role detected

CPU: total 20 (initial active 20) (10 cores per cpu, 2 threads per core) family 6 model 186 stepping 2 microcode 0x410e, cx8, cmov, fxsr, ht, mmx, 3dnowpref, sse, sse2, sse3, ssse3, sse4.1, sse4.2, popcnt, lzcnt, tsc, tscinvbit, avx, avx2, aes, erms, clmul, bmi1, bmi2, adx, sha, fma, vzeroupper, clflush, clflushopt, clwb, hv, serialize, rdtscp, rdpid, fsrm, f16c, cet_ibt, cet_ss
Processor Information for processor 0
  Max Mhz: 2600, Current Mhz: 2600, Mhz Limit: 2600
Processor Information for processor 1
  Max Mhz: 2600, Current Mhz: 2600, Mhz Limit: 2600
Processor Information for processor 2
  Max Mhz: 2600, Current Mhz: 2600, Mhz Limit: 2600
Processor Information for processor 3
  Max Mhz: 2600, Current Mhz: 2600, Mhz Limit: 2600
Processor Information for processor 4
  Max Mhz: 2600, Current Mhz: 2600, Mhz Limit: 2600
Processor Information for processor 5
  Max Mhz: 2600, Current Mhz: 2600, Mhz Limit: 2600
Processor Information for processor 6
  Max Mhz: 2600, Current Mhz: 2600, Mhz Limit: 2600
Processor Information for processor 7
  Max Mhz: 2600, Current Mhz: 2600, Mhz Limit: 2600
Processor Information for processor 8
  Max Mhz: 2600, Current Mhz: 2600, Mhz Limit: 2600
Processor Information for processor 9
  Max Mhz: 2600, Current Mhz: 2600, Mhz Limit: 2600
Processor Information for processor 10
  Max Mhz: 2600, Current Mhz: 2600, Mhz Limit: 2600
Processor Information for processor 11
  Max Mhz: 2600, Current Mhz: 2600, Mhz Limit: 2600
Processor Information for processor 12
  Max Mhz: 2600, Current Mhz: 1900, Mhz Limit: 1898
Processor Information for processor 13
  Max Mhz: 2600, Current Mhz: 1900, Mhz Limit: 1898
Processor Information for processor 14
  Max Mhz: 2600, Current Mhz: 1900, Mhz Limit: 1898
Processor Information for processor 15
  Max Mhz: 2600, Current Mhz: 1900, Mhz Limit: 1898
Processor Information for processor 16
  Max Mhz: 2600, Current Mhz: 1900, Mhz Limit: 1898
Processor Information for processor 17
  Max Mhz: 2600, Current Mhz: 1900, Mhz Limit: 1898
Processor Information for processor 18
  Max Mhz: 2600, Current Mhz: 1900, Mhz Limit: 1898
Processor Information for processor 19
  Max Mhz: 2600, Current Mhz: 1900, Mhz Limit: 1898

Memory: 4k page, system-wide physical 32491M (12439M free)
TotalPageFile size 32491M (AvailPageFile size 5M)
current process WorkingSet (physical memory assigned to process): 1358M, peak: 1594M
current process commit charge ("private bytes"): 1474M, peak: 1804M

vm_info: OpenJDK 64-Bit Server VM (21.0.3+9-LTS) for windows-amd64 JRE (21.0.3+9-LTS), built on 2024-04-16T00:00:00Z by "admin" with MS VC++ 17.7 (VS2022)

END.
